C51 COMPILER V9.57.0.0   LCD1602                                                           05/18/2026 21:29:03 PAGE 1   


C51 COMPILER V9.57.0.0, COMPILATION OF MODULE LCD1602
OBJECT MODULE PLACED IN .\Objects\LCD1602.obj
COMPILER INVOKED BY: C:\Keil_v5\C51\BIN\C51.EXE LCD1602.c OPTIMIZE(8,SPEED) BROWSE DEBUG OBJECTEXTEND PRINT(.\Listings\L
                    -CD1602.lst) TABS(2) OBJECT(.\Objects\LCD1602.obj)

line level    source

   1          #include <REGX52.H>
   2          
   3          sbit LCD_RS = P2 ^ 6;
   4          sbit LCD_RW = P2 ^ 5;
   5          sbit LCD_E = P2 ^ 7;
   6          
   7          #define LCD_DataPort P0
   8          
   9          void LCD_Delay(void)  // @11.0592MHz Delay 1ms
  10          {
  11   1        unsigned char data i, j;
  12   1      
  13   1        i = 2;
  14   1        j = 199;
  15   1        do
  16   1        {
  17   2          while (--j);
  18   2        } while (--i);
  19   1      }
  20          
  21          void LCD_WriteCommand(unsigned char Command) {
  22   1        LCD_RS = 0;
  23   1        LCD_RW = 0;
  24   1        LCD_DataPort = Command;
  25   1        LCD_E = 1;
  26   1        LCD_Delay();
  27   1        LCD_E = 0;
  28   1        LCD_Delay();
  29   1      }
  30          
  31          void LCD_WriteData(unsigned char Data) {
  32   1        LCD_RS = 1;
  33   1        LCD_RW = 0;
  34   1        LCD_DataPort = Data;
  35   1        LCD_E = 1;
  36   1        LCD_Delay();
  37   1        LCD_E = 0;
  38   1        LCD_Delay();  
  39   1      }
  40          
  41          void LCD_Init(void) {
  42   1        LCD_WriteCommand(0x38);
  43   1        LCD_WriteCommand(0x0C);
  44   1        LCD_WriteCommand(0x06);
  45   1        LCD_WriteCommand(0x01);
  46   1        
  47   1      }
  48          
  49          
  50          void LCD_SetCursor(unsigned char Line, unsigned char Column) { // У«Йуй«тЁЅТаЄСйЇуй«
  51   1        if (Line == 1) {
  52   2          LCD_WriteCommand(0x80 | (Column - 1));
  53   2        }
  54   1        else {
C51 COMPILER V9.57.0.0   LCD1602                                                           05/18/2026 21:29:03 PAGE 2   

  55   2          LCD_WriteCommand(0x80 | (Column - 1) + 0x40);
  56   2        } 
  57   1      }
  58            
  59          
  60          void LCD_ShowChar(unsigned char Line, unsigned char Column, unsigned char Char) {
  61   1        LCD_SetCursor(Line, Column);
  62   1        LCD_WriteData(Char);
  63   1      }
  64          
  65          void LCD_ShowString(unsigned char Line, unsigned char Column, unsigned char *String) {
  66   1        unsigned char i;
  67   1        LCD_SetCursor(Line, Column);
  68   1        for (i = 0; i < String[i] != '\0'; i++) {
  69   2          LCD_WriteData(String[i]);
  70   2        } 
  71   1      }
  72          
  73          int LCD_Pow(int X, int Y) {
  74   1        unsigned char i;
  75   1        int result = 1;
  76   1        for (i = 0; i < Y; i++) {
  77   2          result *= X;
  78   2        }
  79   1        return result;
  80   1      }
  81          void LCD_ShowNum(unsigned char Line, unsigned char Column, unsigned int Number, unsigned char Length) {
  82   1        
  83   1        unsigned char i;
  84   1        LCD_SetCursor(Line, Column); // У«Йуй«тЁЅТаЄуџёСйЇуй«
  85   1        for (i = Length; i > 0; i--) {
  86   2          LCD_WriteData((Number / LCD_Pow(10, i - 1)) % 10 + 0x30); // Т│еТёЈУдЂУйгтїќСИ║ASCIIуаЂ 1т»╣т║ћуџёASCIIу
             -аЂТў»0x31 ТЅђС╗ЦуЏ┤ТјЦтіаСИі0x30т░▒Тў»тЈ»С╗Цт«їТѕљУйгтїќС║є
  87   2        }
  88   1      }
  89          
  90          void LCD_ShowSignedNum(unsigned char Line, unsigned char Column, int Number, unsigned char Length) {
  91   1        unsigned char i;
  92   1        unsigned int Number1;
  93   1        LCD_SetCursor(Line, Column); // У«Йуй«тЁЅТаЄуџёСйЇуй« 
  94   1        if (Number >= 0) {
  95   2          LCD_WriteData('+');
  96   2          Number1 = Number;
  97   2        }
  98   1        else {
  99   2          LCD_WriteData('-');
 100   2          Number1 = -Number;
 101   2        }
 102   1        for (i = Length; i > 0; i--) {
 103   2          LCD_WriteData((Number1 / LCD_Pow(10, i - 1)) % 10 + 0x30); // Т│еТёЈУдЂУйгтїќСИ║ASCIIуаЂ 1т»╣т║ћуџёASCII
             -уаЂТў»0x31 ТЅђС╗ЦуЏ┤ТјЦтіаСИі0x30т░▒Тў»тЈ»С╗Цт«їТѕљУйгтїќС║є
 104   2        } 
 105   1      }
 106          
 107          void LCD_ShowHexNum(unsigned char Line, unsigned char Column, unsigned int Number, unsigned char Length) {
 108   1        unsigned char i;
 109   1        unsigned char SingleNumber;
 110   1        LCD_SetCursor(Line, Column);
 111   1        for (i = Length; i > 0; i--) {
 112   2          SingleNumber = (Number / LCD_Pow(16, i - 1)) % 16;
 113   2          if (SingleNumber < 10) {
 114   3            LCD_WriteData('0' + SingleNumber);
C51 COMPILER V9.57.0.0   LCD1602                                                           05/18/2026 21:29:03 PAGE 3   

 115   3          }
 116   2          else {
 117   3            LCD_WriteData('A' + SingleNumber - 10);
 118   3          }
 119   2        }
 120   1      }
 121          
 122          void LCD_ShowBinNum(unsigned char Line, unsigned char Column, unsigned int Number, unsigned char Length) {
 123   1        unsigned char i;
 124   1        LCD_SetCursor(Line, Column);
 125   1        for (i = Length; i > 0; i--) {
 126   2          LCD_WriteData('0' + (Number / LCD_Pow(2, i - 1)) % 2);
 127   2        }
 128   1      }
 129          
 130            
 131            


MODULE INFORMATION:   STATIC OVERLAYABLE
   CODE SIZE        =    399    ----
   CONSTANT SIZE    =   ----    ----
   XDATA SIZE       =   ----    ----
   PDATA SIZE       =   ----    ----
   DATA SIZE        =   ----      29
   IDATA SIZE       =   ----    ----
   BIT SIZE         =   ----    ----
END OF MODULE INFORMATION.


C51 COMPILATION COMPLETE.  0 WARNING(S),  0 ERROR(S)
