C51 COMPILER V9.57.0.0   MAIN                                                              05/14/2026 10:46:33 PAGE 1   


C51 COMPILER V9.57.0.0, COMPILATION OF MODULE MAIN
OBJECT MODULE PLACED IN .\Objects\main.obj
COMPILER INVOKED BY: C:\Keil_v5\C51\BIN\C51.EXE main.c OPTIMIZE(8,SPEED) BROWSE DEBUG OBJECTEXTEND PRINT(.\Listings\main
                    -.lst) TABS(2) OBJECT(.\Objects\main.obj)

line level    source

   1          #include <REGX52.H>
   2          unsigned char NixieTubeTable[17] = {0x3F, 0x06, 0x5B, 0x4F, 0x66, 0x6D, 0x7D, 0x07, 0x7F, 0x6F, 0x77, 0x7C
             -, 0x39, 0x5E, 0x79, 0x71, 0x00};
   3          
   4            void Delaymms(unsigned char m)  //@11.0592MHz
   5          {
   6   1        unsigned char data i, j;
   7   1        while (m--) {
   8   2          i = 2;
   9   2          j = 199;
  10   2          do
  11   2          {
  12   3            while (--j);
  13   3          } while (--i);
  14   2        }
  15   1      }
  16          
  17          void NixieTubeDisplay(unsigned char Location, unsigned char Number) {
  18   1        switch(Location) {
  19   2          case 1: 
  20   2            P2_4 = 1; P2_3 = 1; P2_2 = 1; break;
  21   2          case 2:
  22   2            P2_4 = 1; P2_3 = 1; P2_2 = 0; break;
  23   2          case 3:
  24   2            P2_4 = 1; P2_3 = 0; P2_2 = 1; break;
  25   2          case 4:
  26   2            P2_4 = 1; P2_3 = 0; P2_2 = 0; break;
  27   2          case 5:
  28   2            P2_4 = 0; P2_3 = 1; P2_2 = 1; break;
  29   2          case 6:
  30   2            P2_4 = 0; P2_3 = 1; P2_2 = 0; break;
  31   2          case 7:
  32   2            P2_4 = 0; P2_3 = 0; P2_2 = 1; break;
  33   2          case 8:
  34   2            P2_4 = 0; P2_3 = 0; P2_2 = 0; break;
  35   2          default:
  36   2            P2_4 = 0; P2_3 = 0; P2_2 = 0; break;
  37   2        }
  38   1        
  39   1        P0 = NixieTubeTable[Number];
  40   1        
  41   1        Delaymms(1);
  42   1        P0 = 0x00;
  43   1      }
  44          void main() {
  45   1        // 多신녑敲冷삔돔鈴led됐좋폅윱
  46   1        int i;
  47   1        while(1) {
  48   2          for (i = 0; i < 8; i++) {
  49   3            NixieTubeDisplay(i + 1, i + 1);
  50   3          }
  51   2        }
  52   1      }

C51 COMPILER V9.57.0.0   MAIN                                                              05/14/2026 10:46:33 PAGE 2   


MODULE INFORMATION:   STATIC OVERLAYABLE
   CODE SIZE        =    151    ----
   CONSTANT SIZE    =   ----    ----
   XDATA SIZE       =   ----    ----
   PDATA SIZE       =   ----    ----
   DATA SIZE        =     17    ----
   IDATA SIZE       =   ----    ----
   BIT SIZE         =   ----    ----
END OF MODULE INFORMATION.


C51 COMPILATION COMPLETE.  0 WARNING(S),  0 ERROR(S)
