C51 COMPILER V9.57.0.0   MAIN                                                              05/18/2026 12:51:36 PAGE 1   


C51 COMPILER V9.57.0.0, COMPILATION OF MODULE MAIN
OBJECT MODULE PLACED IN .\Objects\main.obj
COMPILER INVOKED BY: C:\Keil_v5\C51\BIN\C51.EXE main.c OPTIMIZE(8,SPEED) BROWSE DEBUG OBJECTEXTEND PRINT(.\Listings\main
                    -.lst) TABS(2) OBJECT(.\Objects\main.obj)

line level    source

   1          #include <REGX52.H>
   2          #include "Delay.h"
   3          #include "LCD1602.h"
   4          #include "OneWire.h"
   5          #include "DS18B20.h"
   6          
   7          float T;
   8          
   9          void main() {
  10   1        DS18B20_ConvertT();
  11   1        Delay(1000);
  12   1        LCD_Init();
  13   1        LCD_ShowString(1, 1, "Temperature:");
  14   1        OneWire_Init();
  15   1        while(1) {
  16   2          DS18B20_ConvertT();
  17   2          T = DS18B20_ReadT();
  18   2          if (T < 0) {
  19   3            LCD_ShowChar(2, 1, '-');
  20   3            T = -T;
  21   3          }
  22   2          else {
  23   3            LCD_ShowChar(2, 1, '+');
  24   3          }
  25   2          LCD_ShowNum(2, 2, T, 3);
  26   2          LCD_ShowChar(2, 5, '.');
  27   2          LCD_ShowNum(2, 6, ((unsigned long)(T * 10000 + 0.5)) % 10000, 4);
  28   2        }
  29   1        
  30   1      }


MODULE INFORMATION:   STATIC OVERLAYABLE
   CODE SIZE        =    188    ----
   CONSTANT SIZE    =     13    ----
   XDATA SIZE       =   ----    ----
   PDATA SIZE       =   ----    ----
   DATA SIZE        =      4    ----
   IDATA SIZE       =   ----    ----
   BIT SIZE         =   ----    ----
END OF MODULE INFORMATION.


C51 COMPILATION COMPLETE.  0 WARNING(S),  0 ERROR(S)
