C51 COMPILER V9.57.0.0   ONEWIRE                                                           05/18/2026 12:41:46 PAGE 1   


C51 COMPILER V9.57.0.0, COMPILATION OF MODULE ONEWIRE
OBJECT MODULE PLACED IN .\Objects\OneWire.obj
COMPILER INVOKED BY: C:\Keil_v5\C51\BIN\C51.EXE OneWire.c OPTIMIZE(8,SPEED) BROWSE DEBUG OBJECTEXTEND PRINT(.\Listings\O
                    -neWire.lst) TABS(2) OBJECT(.\Objects\OneWire.obj)

line level    source

   1          #include <REGX52.H>
   2          
   3          sbit OneWire_DQ = P3 ^ 7;
   4          
   5          bit OneWire_Init(void) {
   6   1        unsigned char i;
   7   1        bit AckBit;
   8   1        OneWire_DQ = 1;
   9   1        OneWire_DQ = 0;
  10   1        i = 227; while (--i); // Delay 500us  11.0592Mhz  
  11   1        OneWire_DQ = 1;
  12   1        i = 29; while (--i); // Delay 70us 11.0592Mhz
  13   1        AckBit = OneWire_DQ;
  14   1        i = 227; while (--i); // Delay 500us 11.0592Mhz
  15   1        return AckBit;
  16   1      }
  17          
  18          void OneWire_SendBit(bit Bit) {
  19   1        unsigned char j;
  20   1        OneWire_DQ = 0;
  21   1        j = 2; while(--j);
  22   1        OneWire_DQ = Bit;
  23   1        j = 22; while(--j);
  24   1        OneWire_DQ = 1;
  25   1      }
  26            
  27          
  28          bit OneWire_ReceiveBit (void) {
  29   1        unsigned char k;
  30   1        bit Bit;
  31   1        OneWire_DQ = 0;
  32   1        k = 1; while(--k); // Delay 5us
  33   1        OneWire_DQ = 1;
  34   1        k = 1; while(--k); // Delay 5us
  35   1        Bit = OneWire_DQ;
  36   1        k = 20; while(--k); // Delay 50us 
  37   1        return Bit;
  38   1      }
  39          
  40          void OneWire_SendByte(unsigned char Byte) {
  41   1        unsigned char i;
  42   1        for (i = 0; i < 8; i++) {
  43   2          OneWire_SendBit(Byte & (0x01 << i));
  44   2        }
  45   1      }
  46          
  47          unsigned char OneWire_ReceiveByte(void) {
  48   1        unsigned char i;
  49   1        unsigned char Byte = 0x00;
  50   1        for (i = 0; i < 8; i++) {
  51   2          if (OneWire_ReceiveBit()) {
  52   3            Byte |= 0x01 << i;
  53   3          }
  54   2        }
C51 COMPILER V9.57.0.0   ONEWIRE                                                           05/18/2026 12:41:46 PAGE 2   

  55   1        return Byte;
  56   1      }


MODULE INFORMATION:   STATIC OVERLAYABLE
   CODE SIZE        =    132    ----
   CONSTANT SIZE    =   ----    ----
   XDATA SIZE       =   ----    ----
   PDATA SIZE       =   ----    ----
   DATA SIZE        =   ----    ----
   IDATA SIZE       =   ----    ----
   BIT SIZE         =   ----       3
END OF MODULE INFORMATION.


C51 COMPILATION COMPLETE.  0 WARNING(S),  0 ERROR(S)
