C51 COMPILER V9.54   MAIN                                                                  05/13/2026 10:54:34 PAGE 1   


C51 COMPILER V9.54, COMPILATION OF MODULE MAIN
OBJECT MODULE PLACED IN .\Objects\main.obj
COMPILER INVOKED BY: C:\Keil_v5\C51\BIN\C51.EXE main.c OPTIMIZE(8,SPEED) BROWSE DEBUG OBJECTEXTEND PRINT(.\Listings\main
                    -.lst) TABS(2) OBJECT(.\Objects\main.obj)

line level    source

   1          #include <REGX52.H>
   2          // 独立按键来控制led来显示二进制
   3          void Delayxms(unsigned int xms) //@11.0592MHz
   4          {
   5   1        unsigned char data i, j;
   6   1        while(xms--) { //后置减减 先进行判断 然后再进行自减操作
   7   2          i = 2;
   8   2          j = 199;
   9   2          do
  10   2          {
  11   3            while (--j);
  12   3          } while (--i);
  13   2        }
  14   1      }
  15          
  16          void main() {
  17   1        unsigned char LEDNum = 0;
  18   1        while(1) {
  19   2          if (P3_1 == 0) {
  20   3            Delayxms(20);
  21   3            while (P3_1 == 0);
  22   3            Delayxms(20);
  23   3            // 一开始是1111_1111
  24   3            // P2++; // 通过led显示来判断按键的按下的次数 以二进制的形式来进行显示
  25   3            
  26   3            LEDNum++;
  27   3            P2 = ~LEDNum;
  28   3          }
  29   2        }
  30   1      }


MODULE INFORMATION:   STATIC OVERLAYABLE
   CODE SIZE        =     50    ----
   CONSTANT SIZE    =   ----    ----
   XDATA SIZE       =   ----    ----
   PDATA SIZE       =   ----    ----
   DATA SIZE        =   ----    ----
   IDATA SIZE       =   ----    ----
   BIT SIZE         =   ----    ----
END OF MODULE INFORMATION.


C51 COMPILATION COMPLETE.  0 WARNING(S),  0 ERROR(S)
