C51 COMPILER V9.57.0.0   ONEWIRE                                                           05/18/2026 15:07:45 PAGE 1   


C51 COMPILER V9.57.0.0, COMPILATION OF MODULE ONEWIRE
OBJECT MODULE PLACED IN .\Objects\OneWire.obj
COMPILER INVOKED BY: C:\Keil_v5\C51\BIN\C51.EXE OneWire.c OPTIMIZE(8,SPEED) BROWSE DEBUG OBJECTEXTEND PRINT(.\Listings\O
                    -neWire.lst) TABS(2) OBJECT(.\Objects\OneWire.obj)

line level    source

   1          #include <REGX52.H>
   2          
   3          sbit OneWire_DQ = P3 ^ 7;
   4          
   5          bit OneWire_Init(void) {
   6   1        unsigned char i;
   7   1        bit AckBit;
   8   1        EA = 0;
   9   1        OneWire_DQ = 1;
  10   1        OneWire_DQ = 0;
  11   1        i = 227; while (--i); // Delay 500us  11.0592Mhz  
  12   1        OneWire_DQ = 1;
  13   1        i = 29; while (--i); // Delay 70us 11.0592Mhz
  14   1        AckBit = OneWire_DQ;
  15   1        i = 227; while (--i); // Delay 500us 11.0592Mhz
  16   1        EA = 1;
  17   1        return AckBit;
  18   1      }
  19          
  20          void OneWire_SendBit(bit Bit) {
  21   1        unsigned char j;
  22   1        EA = 0; // 关闭中断
  23   1        OneWire_DQ = 0;
  24   1        j = 2; while(--j);
  25   1        OneWire_DQ = Bit;
  26   1        j = 22; while(--j);
  27   1        OneWire_DQ = 1;
  28   1        EA = 1;
  29   1      }
  30            
  31          
  32          bit OneWire_ReceiveBit (void) {
  33   1        unsigned char k;
  34   1        bit Bit;
  35   1        EA = 0;
  36   1        OneWire_DQ = 0;
  37   1        k = 1; while(--k); // Delay 5us
  38   1        OneWire_DQ = 1;
  39   1        k = 1; while(--k); // Delay 5us
  40   1        Bit = OneWire_DQ;
  41   1        k = 20; while(--k); // Delay 50us 
  42   1        EA = 1;
  43   1        return Bit;
  44   1      }
  45          
  46          void OneWire_SendByte(unsigned char Byte) {
  47   1        unsigned char i;
  48   1        for (i = 0; i < 8; i++) {
  49   2          OneWire_SendBit(Byte & (0x01 << i));
  50   2        }
  51   1      }
  52          
  53          unsigned char OneWire_ReceiveByte(void) {
  54   1        unsigned char i;
C51 COMPILER V9.57.0.0   ONEWIRE                                                           05/18/2026 15:07:45 PAGE 2   

  55   1        unsigned char Byte = 0x00;
  56   1        for (i = 0; i < 8; i++) {
  57   2          if (OneWire_ReceiveBit()) {
  58   3            Byte |= 0x01 << i;
  59   3          }
  60   2        }
  61   1        return Byte;
  62   1      }


MODULE INFORMATION:   STATIC OVERLAYABLE
   CODE SIZE        =    144    ----
   CONSTANT SIZE    =   ----    ----
   XDATA SIZE       =   ----    ----
   PDATA SIZE       =   ----    ----
   DATA SIZE        =   ----    ----
   IDATA SIZE       =   ----    ----
   BIT SIZE         =   ----       3
END OF MODULE INFORMATION.


C51 COMPILATION COMPLETE.  0 WARNING(S),  0 ERROR(S)
