C51 COMPILER V9.57.0.0   DELAY                                                             05/19/2026 18:08:35 PAGE 1   


C51 COMPILER V9.57.0.0, COMPILATION OF MODULE DELAY
OBJECT MODULE PLACED IN .\Objects\delay.obj
COMPILER INVOKED BY: C:\Keil_v5\C51\BIN\C51.EXE delay.c OPTIMIZE(8,SPEED) BROWSE DEBUG OBJECTEXTEND PRINT(.\Listings\del
                    -ay.lst) TABS(2) OBJECT(.\Objects\delay.obj)

line level    source

   1          void Delay(unsigned int x)  //@11.0592MHz
   2          {
   3   1        unsigned char data i, j;
   4   1      
   5   1        while(x--) {
   6   2          i = 2;
   7   2          j = 199;
   8   2          do
   9   2          {
  10   3            while (--j);
  11   3          } while (--i);
  12   2        }
  13   1      }


MODULE INFORMATION:   STATIC OVERLAYABLE
   CODE SIZE        =     21    ----
   CONSTANT SIZE    =   ----    ----
   XDATA SIZE       =   ----    ----
   PDATA SIZE       =   ----    ----
   DATA SIZE        =   ----    ----
   IDATA SIZE       =   ----    ----
   BIT SIZE         =   ----    ----
END OF MODULE INFORMATION.


C51 COMPILATION COMPLETE.  0 WARNING(S),  0 ERROR(S)
