C51 COMPILER V9.57.0.0   IR                                                                05/19/2026 18:28:18 PAGE 1   


C51 COMPILER V9.57.0.0, COMPILATION OF MODULE IR
OBJECT MODULE PLACED IN .\Objects\IR.obj
COMPILER INVOKED BY: C:\Keil_v5\C51\BIN\C51.EXE IR.c OPTIMIZE(8,SPEED) BROWSE DEBUG OBJECTEXTEND PRINT(.\Listings\IR.lst
                    -) TABS(2) OBJECT(.\Objects\IR.obj)

line level    source

   1          #include <REGX52.H>
   2          #include "Timer0.h"
   3          #include "Int0.h"
   4          
   5          unsigned int IR_Time;
   6          unsigned char IR_State;
   7          
   8          unsigned char IR_Data[4];
   9          unsigned char IR_PData;
  10          unsigned char Timer_SetCounter;
  11          unsigned char IR_DataFlag;
  12          unsigned char IR_RepeatFlag;
  13          unsigned char IR_Address;
  14          unsigned char IR_Command;
  15          
  16          void IR_Init(void) {
  17   1        Timer0_Init();
  18   1        Int0_Init();
  19   1        
  20   1      }
  21          
  22          unsigned char IR_GetDataFlag(void) {
  23   1        if (IR_DataFlag) {
  24   2          IR_DataFlag = 0;
  25   2          return 1;
  26   2        }
  27   1        return 0;
  28   1      }
  29          
  30          unsigned char IR_GetRepeatFlag(void) {
  31   1        if (IR_RepeatFlag) {
  32   2          IR_RepeatFlag = 0;
  33   2          return 1;
  34   2        }
  35   1        return 0;
  36   1      }
  37          
  38          unsigned char IR_GetAddress(void) {
  39   1        return IR_Address;
  40   1      }
  41          
  42          unsigned char IR_GetCommand(void) {
  43   1        return IR_Command;
  44   1      }
  45          
  46          void Int0_Routine(void) interrupt 0 {
  47   1        if (IR_State == 0) {
  48   2          Timer0_SetCounter(0);
  49   2          Timer0_Run(1);
  50   2          IR_State = 1;
  51   2        }
  52   1        else if (IR_State == 1) {
  53   2          IR_Time = Timer0_GetCounter();
  54   2          Timer0_SetCounter(0);
C51 COMPILER V9.57.0.0   IR                                                                05/19/2026 18:28:18 PAGE 2   

  55   2          if (IR_Time > 11981 && IR_Time < 12902) {
  56   3            IR_State = 2;
  57   3          }
  58   2          else if (IR_Time > 9907  && IR_Time < 10829) {
  59   3            IR_RepeatFlag = 1;
  60   3            Timer0_Run(0);
  61   3            IR_State = 0;
  62   3          }
  63   2          else {
  64   3            IR_State = 1;
  65   3          }
  66   2        }
  67   1        else if (IR_State == 2) {
  68   2          IR_Time = Timer0_GetCounter();
  69   2          Timer0_SetCounter(0);
  70   2          if (IR_Time > 571 && IR_Time < 1493) {
  71   3            IR_Data[IR_PData / 8] &= ~(0x01 << (IR_PData % 8));  
  72   3            IR_PData++;
  73   3          }
  74   2          else if (IR_Time > 1613 && IR_Time < 2535) {
  75   3            IR_Data[IR_PData / 8] |= (0x01 << (IR_PData % 8));
  76   3            IR_PData++;
  77   3          }
  78   2          else {
  79   3            IR_PData = 0;
  80   3            IR_State = 1;
  81   3          }
  82   2          if (IR_PData >= 32) {
  83   3            IR_PData = 0;
  84   3            if ((IR_Data[0] == ~IR_Data[1]) && (IR_Data[2] == ~IR_Data[3])) {
  85   4              IR_DataFlag = 1;
  86   4              IR_Address = IR_Data[0];
  87   4              IR_Command = IR_Data[2];
  88   4            }
  89   3            Timer0_Run(0);
  90   3            IR_State = 0;
  91   3          }
  92   2        }
  93   1      }


MODULE INFORMATION:   STATIC OVERLAYABLE
   CODE SIZE        =    370    ----
   CONSTANT SIZE    =   ----    ----
   XDATA SIZE       =   ----    ----
   PDATA SIZE       =   ----    ----
   DATA SIZE        =     13    ----
   IDATA SIZE       =   ----    ----
   BIT SIZE         =   ----    ----
END OF MODULE INFORMATION.


C51 COMPILATION COMPLETE.  0 WARNING(S),  0 ERROR(S)
