C51 COMPILER V9.57.0.0   NIXIE                                                             05/19/2026 18:08:35 PAGE 1   


C51 COMPILER V9.57.0.0, COMPILATION OF MODULE NIXIE
OBJECT MODULE PLACED IN .\Objects\Nixie.obj
COMPILER INVOKED BY: C:\Keil_v5\C51\BIN\C51.EXE Nixie.c OPTIMIZE(8,SPEED) BROWSE DEBUG OBJECTEXTEND PRINT(.\Listings\Nix
                    -ie.lst) TABS(2) OBJECT(.\Objects\Nixie.obj)

line level    source

   1          #include "Delay.h"
   2          #include <REGX52.H>  // 由于后面的操作对寄存器进行了操作 所以需要包括这个头文件
             -来进行操作
   3          
   4          unsigned char NixieTable[17] = {0x3F, 0x06, 0x5B, 0x4F, 0x66, 0x6D, 0x7D, 0x07, 0x7F, 0x6F, 0x77, 0x7C, 0x
             -39, 0x5E, 0x79, 0x71, 0x00};
   5          
   6          
   7          void Nixie(unsigned char Location, Number) {
   8   1        switch (Location){
   9   2          case 1: P2_4 = 1; P2_3 = 1; P2_2 = 1; break;
  10   2          case 2: P2_4 = 1; P2_3 = 1; P2_2 = 0; break;
  11   2          case 3: P2_4 = 1; P2_3 = 0; P2_2 = 1; break;
  12   2          case 4: P2_4 = 1; P2_3 = 0; P2_2 = 0; break;
  13   2          case 5: P2_4 = 0; P2_3 = 1; P2_2 = 1; break;
  14   2          case 6: P2_4 = 0; P2_3 = 1; P2_2 = 0; break;
  15   2          case 7: P2_4 = 0; P2_3 = 0; P2_2 = 1; break;
  16   2          case 8: P2_4 = 0; P2_3 = 0; P2_2 = 0; break;
  17   2        }
  18   1        P0 = NixieTable[Number];
  19   1        Delay(1);
  20   1        P0 =  0x00;
  21   1      }


MODULE INFORMATION:   STATIC OVERLAYABLE
   CODE SIZE        =    109    ----
   CONSTANT SIZE    =   ----    ----
   XDATA SIZE       =   ----    ----
   PDATA SIZE       =   ----    ----
   DATA SIZE        =     17    ----
   IDATA SIZE       =   ----    ----
   BIT SIZE         =   ----    ----
END OF MODULE INFORMATION.


C51 COMPILATION COMPLETE.  0 WARNING(S),  0 ERROR(S)
