C51 COMPILER V9.57.0.0   NIXIE                                                             05/17/2026 19:33:48 PAGE 1   


C51 COMPILER V9.57.0.0, COMPILATION OF MODULE NIXIE
OBJECT MODULE PLACED IN .\Objects\Nixie.obj
COMPILER INVOKED BY: C:\Keil_v5\C51\BIN\C51.EXE Nixie.c OPTIMIZE(8,SPEED) BROWSE DEBUG OBJECTEXTEND PRINT(.\Listings\Nix
                    -ie.lst) TABS(2) OBJECT(.\Objects\Nixie.obj)

line level    source

   1          #include "Delay.h"
   2          #include <REGX52.H>  // 由于后面的操作对寄存器进行了操作 所以需要包括这个头文件
             -来进行操作
   3          
   4          unsigned char NixieTable[12] = {0x3F, 0x06, 0x5B, 0x4F, 0x66, 0x6D, 0x7D, 0x07, 0x7F, 0x6F, 0x00, 0x40};
   5          
   6          unsigned char Nixie_Buffer[9] = {0, 10, 10, 10, 10, 10, 10, 10, 10};
   7          
   8          void Nixie_SetBuf(unsigned char Location, unsigned char Number) {
   9   1        Nixie_Buffer[Location] = Number;
  10   1      }
  11          void Nixie_Scan(unsigned char Location, unsigned char Number) { 
  12   1        P0 = 0x00;
  13   1        switch (Location){
  14   2          case 1: P2_4 = 1; P2_3 = 1; P2_2 = 1; break;
  15   2          case 2: P2_4 = 1; P2_3 = 1; P2_2 = 0; break;
  16   2          case 3: P2_4 = 1; P2_3 = 0; P2_2 = 1; break;
  17   2          case 4: P2_4 = 1; P2_3 = 0; P2_2 = 0; break;
  18   2          case 5: P2_4 = 0; P2_3 = 1; P2_2 = 1; break;
  19   2          case 6: P2_4 = 0; P2_3 = 1; P2_2 = 0; break;
  20   2          case 7: P2_4 = 0; P2_3 = 0; P2_2 = 1; break;
  21   2          case 8: P2_4 = 0; P2_3 = 0; P2_2 = 0; break;
  22   2        }
  23   1        P0 = NixieTable[Number];
  24   1      
  25   1      }
  26          
  27          void Nixie_Loop() {
  28   1        static unsigned char i = 1;
  29   1        Nixie_Scan(i, Nixie_Buffer[i]);
  30   1        i++;
  31   1        if (i > 8) {i = 1;}
  32   1      }
  33           


MODULE INFORMATION:   STATIC OVERLAYABLE
   CODE SIZE        =    134    ----
   CONSTANT SIZE    =   ----    ----
   XDATA SIZE       =   ----    ----
   PDATA SIZE       =   ----    ----
   DATA SIZE        =     22    ----
   IDATA SIZE       =   ----    ----
   BIT SIZE         =   ----    ----
END OF MODULE INFORMATION.


C51 COMPILATION COMPLETE.  0 WARNING(S),  0 ERROR(S)
