C51 COMPILER V9.54   MAIN                                                                  05/12/2026 22:28:49 PAGE 1   


C51 COMPILER V9.54, COMPILATION OF MODULE MAIN
OBJECT MODULE PLACED IN .\Objects\main.obj
COMPILER INVOKED BY: C:\Keil_v5\C51\BIN\C51.EXE main.c OPTIMIZE(8,SPEED) BROWSE DEBUG OBJECTEXTEND PRINT(.\Listings\main
                    -.lst) TABS(2) OBJECT(.\Objects\main.obj)

line level    source

   1          #include <REGX52.H>
   2          #include <INTRINS.H>
   3          
   4          void Delay500ms(void) //@11.0592MHz
   5          {
   6   1        unsigned char data i, j, k;
   7   1      
   8   1        _nop_();
   9   1        i = 4;
  10   1        j = 129;
  11   1        k = 119;
  12   1        do
  13   1        {
  14   2          do
  15   2          {
  16   3            while (--k);
  17   3          } while (--j);
  18   2        } while (--i);
  19   1      }
  20          
  21          void main() {
  22   1        P2 = 0xFE;
  23   1        Delay500ms();
  24   1        P2 = 0xFD;
  25   1        Delay500ms();
  26   1        P2 = 0xFB;
  27   1        Delay500ms();
  28   1        P2 = 0xF7;
  29   1        Delay500ms();
  30   1        P2 = 0xEF;
  31   1        Delay500ms();
  32   1        P2 = 0xDF;
  33   1        Delay500ms();
  34   1        P2 = 0xBF;
  35   1        Delay500ms();
  36   1        P2 = 0x7F;
  37   1        Delay500ms();
  38   1        P2 = 0xBF;
  39   1        Delay500ms();
  40   1        P2 = 0xDF;
  41   1        Delay500ms();
  42   1        P2 = 0xEF;
  43   1        Delay500ms();
  44   1        P2 = 0xF7;
  45   1        Delay500ms();
  46   1        P2 = 0xFB;
  47   1        Delay500ms();
  48   1        P2 = 0xFD;
  49   1        Delay500ms();
  50   1      }


MODULE INFORMATION:   STATIC OVERLAYABLE
   CODE SIZE        =     92    ----
C51 COMPILER V9.54   MAIN                                                                  05/12/2026 22:28:49 PAGE 2   

   CONSTANT SIZE    =   ----    ----
   XDATA SIZE       =   ----    ----
   PDATA SIZE       =   ----    ----
   DATA SIZE        =   ----    ----
   IDATA SIZE       =   ----    ----
   BIT SIZE         =   ----    ----
END OF MODULE INFORMATION.


C51 COMPILATION COMPLETE.  0 WARNING(S),  0 ERROR(S)
