C51 COMPILER V9.57.0.0   MAIN                                                              05/14/2026 10:07:05 PAGE 1   


C51 COMPILER V9.57.0.0, COMPILATION OF MODULE MAIN
OBJECT MODULE PLACED IN .\Objects\main.obj
COMPILER INVOKED BY: C:\Keil_v5\C51\BIN\C51.EXE main.c OPTIMIZE(8,SPEED) BROWSE DEBUG OBJECTEXTEND PRINT(.\Listings\main
                    -.lst) TABS(2) OBJECT(.\Objects\main.obj)

line level    source

   1          #include <REGX52.H>
   2          
   3          void main() {
   4   1        
   5   1        
   6   1        // P2 = 0xFE;
   7   1        // 繫법殮쌈뚤貫윱쏵契꾸鱗
   8   1        P2_0 = 1;
   9   1        while(1) {
  10   2          if ((P3_1 == 0) && (P3_0 == 0)) {
  11   3            P2_0 = 0;
  12   3          }
  13   2          else {
  14   3            P2_0 = 1;
  15   3          }
  16   2        }
  17   1          
  18   1      }


MODULE INFORMATION:   STATIC OVERLAYABLE
   CODE SIZE        =     16    ----
   CONSTANT SIZE    =   ----    ----
   XDATA SIZE       =   ----    ----
   PDATA SIZE       =   ----    ----
   DATA SIZE        =   ----    ----
   IDATA SIZE       =   ----    ----
   BIT SIZE         =   ----    ----
END OF MODULE INFORMATION.


C51 COMPILATION COMPLETE.  0 WARNING(S),  0 ERROR(S)
