C51 COMPILER V9.57.0.0   MAIN                                                              05/17/2026 10:33:13 PAGE 1   


C51 COMPILER V9.57.0.0, COMPILATION OF MODULE MAIN
OBJECT MODULE PLACED IN .\Objects\main.obj
COMPILER INVOKED BY: C:\Keil_v5\C51\BIN\C51.EXE main.c OPTIMIZE(8,SPEED) BROWSE DEBUG OBJECTEXTEND PRINT(.\Listings\main
                    -.lst) TABS(2) OBJECT(.\Objects\main.obj)

line level    source

   1          #include <REGX52.H>
   2          #include "Timer0.h"
   3          #include "Delay.h"
   4          
   5          #define SPEED 500
   6          #define GUXIANG_LEN  (sizeof(Music_GuXiang_Note) / sizeof(Music_GuXiang_Note[0]))
   7            
   8          // иҺ·еҸ–BuzzerеҜ№еә”зҡ„дҪҚеҖје№¶иҝӣиЎҢеӨ„зҗҶ
   9          sbit Buzzer = P2 ^ 5;
  10          
  11          unsigned int code FreqTable[36] = {
  12              /* дёӯйҹіеҢә */
  13              63777, 63872, 63969, 64054, 64140, 64216,
  14              64291, 64360, 64426, 64489, 64547, 64607,
  15          
  16              /* й«ҳйҹіеҢә */
  17              64655, 64704, 64751, 64795, 64837, 64876,
  18              64913, 64948, 64981, 65012, 65042, 65070,
  19          
  20              /* еҖҚй«ҳйҹіеҢә */
  21              65095, 65120, 65143, 65166, 65187, 65206,
  22              65224, 65242, 65259, 65274, 65289, 65303
  23          };
  24          
  25          #define R   255     // дј‘жӯўз¬Ұ
  26          
  27          /* 1 = G */
  28          
  29          /* дҪҺйҹіеҢә */
  30          #define L5  2       // дҪҺйҹі5 = D4
  31          #define L6  4       // дҪҺйҹі6 = E4
  32          #define L7  6       // дҪҺйҹі7 = F#4
  33          
  34          /* дёӯйҹіеҢә */
  35          #define M1  7       // дёӯйҹі1 = G4
  36          #define M2  9       // дёӯйҹі2 = A4
  37          #define M3  11      // дёӯйҹі3 = B4
  38          #define M4  12      // дёӯйҹі4 = C5
  39          #define M5  14      // дёӯйҹі5 = D5
  40          #define M6  16      // дёӯйҹі6 = E5
  41          #define M7  18      // дёӯйҹі7 = F#5
  42          
  43          /* й«ҳйҹіеҢә */
  44          #define H1  19      // й«ҳйҹі1 = G5
  45          #define H2  21      // й«ҳйҹі2 = A5
  46          #define H3  23      // й«ҳйҹі3 = B5
  47          #define H4  24      // й«ҳйҹі4 = C6
  48          #define H5  26      // й«ҳйҹі5 = D6
  49          #define H6  28      // й«ҳйҹі6 = E6
  50          #define H7  30      // й«ҳйҹі7 = F#6
  51          
  52          /* еҖҚй«ҳйҹіеҢә */
  53          #define HH1 31      // еҖҚй«ҳйҹі1 = G6
  54          #define HH2 33      // еҖҚй«ҳйҹі2 = A6
C51 COMPILER V9.57.0.0   MAIN                                                              05/17/2026 10:33:13 PAGE 2   

  55          #define HH3 35      // еҖҚй«ҳйҹі3 = B6
  56          
  57          unsigned int ReloadValue;
  58          
  59          unsigned char code Music_GuXiang_Note[] = {
  60              /* еүҚеҘҸ */
  61              M5, M5, M5, M5,
  62          
  63              /* з¬¬дёҖж®ө */
  64              M3, M5, M6, M3, M1,
  65              M2, M5, M5,
  66              M3, M6, M6,
  67              M2, M7, M3, M5,
  68          
  69              M6,
  70              M7, M6, M5,
  71              M3,
  72              R, L5, L6, M1,
  73          
  74              M2, M3, M2, M1, L6,
  75              M3, R, L5, L6, M1,
  76              M2, M3, M2, M1, L5,
  77              M5, M3, R, L5, L6, M1,
  78          
  79              M2, M3, M2, M1, L6,
  80              M3, R, L5, L6, M1,
  81              M2, M3, M2, M1,
  82              M6, M5,
  83          
  84              M6, M5, M6, M5,
  85              M5, M3, R, M3, R, M5,
  86              M6, M5, M6, M5,
  87              M5, M3, R, M1, M3,
  88          
  89              M2, M1, M2, M1, L6,
  90              M3, M1, M3,
  91              M2, M1, M2, M3, M2, M1,
  92              M6, M7, H1, H2,
  93          
  94              M3, M2, M1,
  95              M2, M3, M7, H1, H2,
  96              M3, M6, M6, M5, M4, M3,
  97              M2, M7, M5, M2, M3,
  98          
  99              M5, M3, M7, M5, M2, M7, M5, M3,
 100              M3, R, L5, L6, M1,
 101          
 102              /* з¬¬дәҢж®өйҮҚеӨҚдё»ж—ӢеҫӢ */
 103              M2, M3, M2, M1, L6,
 104              M3, R, L5, L6, M1,
 105              M2, M3, M2, M1, L5,
 106              M5, M3, R, L5, L6, M1,
 107          
 108              M2, M3, M2, M1, L6,
 109              M3, R, L5, L6, M1,
 110              M2, M3, M2, M1,
 111              M6, M5,
 112          
 113              M6, M5, M6, M5,
 114              M5, M3, R, M3, R, M5,
 115              M6, M5, M6, M5,
 116              M5, M3, R, M1, M3,
C51 COMPILER V9.57.0.0   MAIN                                                              05/17/2026 10:33:13 PAGE 3   

 117          
 118              M2, M1, M2, M1, L6,
 119              M3, M1, M3,
 120              M2, M1, M2, M3, M2, M1,
 121          
 122              /* й«ҳйҹіж®ө */
 123              M6, R, L5, L6, H1,
 124              H2, H3, H2, H1, H6,
 125              H3, R, L5, L6, H1,
 126              H2, H3, H2, H1, M5,
 127          
 128              M5, H3, R, L5, L6, H1,
 129              H2, H3, H2, H1, H6,
 130              H3, R, L5, L6, M5,
 131              M6, H1, H2, H3, H2, H1,
 132          
 133              M6, R, L5, L6, H1,
 134              H2, H3, H2, H1, H6,
 135              H3, R, L5, L6, H1,
 136              H2, H3, H2, H1, M5,
 137          
 138              M5, H3, R, L5, L6, H1,
 139              H2, H3, H2, H1, H6,
 140          
 141              /* з»“е°ҫ */
 142              H3, R, L5, L6, H1,
 143              H2, H3, H2, H1,
 144              M6, R, L5, L6, H1,
 145              M6,
 146              M6
 147          };
 148          
 149          unsigned char code Music_GuXiang_Beat[] = {
 150              /* еүҚеҘҸ */
 151              4, 4, 4, 4,
 152          
 153              /* з¬¬дёҖж®ө */
 154              2, 1, 1, 1, 1,
 155              2, 1, 1,
 156              2, 1, 1,
 157              1, 1, 1, 1,
 158          
 159              4,
 160              2, 1, 1,
 161              4,
 162              1, 1, 1, 1,
 163          
 164              2, 1, 1, 1, 1,
 165              2, 1, 1, 1, 1,
 166              2, 1, 1, 1, 1,
 167              2, 1, 1, 1, 1, 1,
 168          
 169              2, 1, 1, 1, 1,
 170              2, 1, 1, 1, 1,
 171              2, 1, 1, 1,
 172              3, 1,
 173          
 174              2, 1, 1, 1,
 175              2, 1, 1, 1, 1, 1,
 176              2, 1, 1, 1,
 177              2, 1, 1, 1, 1,
 178          
C51 COMPILER V9.57.0.0   MAIN                                                              05/17/2026 10:33:13 PAGE 4   

 179              1, 1, 1, 1, 2,
 180              2, 1, 1,
 181              1, 1, 1, 1, 1, 1,
 182              2, 1, 1, 1,
 183          
 184              2, 1, 1,
 185              1, 1, 2, 1, 1,
 186              1, 1, 1, 1, 1, 1,
 187              1, 1, 2, 1, 1,
 188          
 189              1, 1, 1, 1, 1, 1, 1, 1,
 190              2, 1, 1, 1, 1,
 191          
 192              /* з¬¬дәҢж®өйҮҚеӨҚдё»ж—ӢеҫӢ */
 193              2, 1, 1, 1, 1,
 194              2, 1, 1, 1, 1,
 195              2, 1, 1, 1, 1,
 196              2, 1, 1, 1, 1, 1,
 197          
 198              2, 1, 1, 1, 1,
 199              2, 1, 1, 1, 1,
 200              2, 1, 1, 1,
 201              3, 1,
 202          
 203              2, 1, 1, 1,
 204              2, 1, 1, 1, 1, 1,
 205              2, 1, 1, 1,
 206              2, 1, 1, 1, 1,
 207          
 208              1, 1, 1, 1, 2,
 209              2, 1, 1,
 210              1, 1, 1, 1, 1, 1,
 211          
 212              /* й«ҳйҹіж®ө */
 213              2, 1, 1, 1, 1,
 214              2, 1, 1, 1, 1,
 215              2, 1, 1, 1, 1,
 216              2, 1, 1, 1, 1,
 217          
 218              2, 1, 1, 1, 1, 1,
 219              2, 1, 1, 1, 1,
 220              2, 1, 1, 1, 1,
 221              1, 1, 1, 1, 1, 1,
 222          
 223              2, 1, 1, 1, 1,
 224              2, 1, 1, 1, 1,
 225              2, 1, 1, 1, 1,
 226              2, 1, 1, 1, 1,
 227          
 228              2, 1, 1, 1, 1, 1,
 229              2, 1, 1, 1, 1,
 230          
 231              /* з»“е°ҫ */
 232              2, 1, 1, 1, 1,
 233              2, 1, 1, 1,
 234              2, 1, 1, 1, 1,
 235              4,
 236              4
 237          };
 238          
 239          /**
 240            *@brief и®ҫзҪ®еҜ№еә”йҹіиҠӮзҡ„йў‘зҺҮ еҲ©з”Ёе®ҡж—¶иө·жқҘиҝӣиЎҢдә§з”ҹ
C51 COMPILER V9.57.0.0   MAIN                                                              05/17/2026 10:33:13 PAGE 5   

 241            *@param еҜ№еә”зҡ„йҹіиҠӮ0 еҲ° 35 иҝҳжңүдёҖдёӘ 255иЎЁзӨәеҒңйЎҝ
 242            *@retvel ж— 
 243            */
 244          
 245          void Buzzer_SetNote(unsigned char note)
 246          {
 247   1          if (note == R)
 248   1          {
 249   2              TR0 = 0;
 250   2              Buzzer = 0;
 251   2              return;
 252   2          }
 253   1      
 254   1          ReloadValue = FreqTable[note];
 255   1      
 256   1          TH0 = ReloadValue >> 8;
 257   1          TL0 = ReloadValue & 0xFF;
 258   1      
 259   1          TR0 = 1; // жҜҸжј”еҘҸдёҖж¬Ўе°ұе°Ҷе®ҡж—¶еҷЁиҝӣиЎҢе…ій—ӯ
 260   1      }
 261          /**
 262            *@brief жҢүз…§дёҖе®ҡзҡ„ж—¶й—ҙжқҘиҝӣиЎҢж’ӯж”ҫ
 263            *@param з®Җи°ұзҡ„жҜҸдёҖдёӘйҹіиҠӮз»„жҲҗзҡ„ж•°з»„ з®Җи°ұзҡ„жҜҸдёҖдёӘйҹіж’ӯж”ҫзҡ„ж—¶й—ҙ з®Җи°ұзҡ„ж•ҙдёӘзҡ„й•
             -ҝеәҰ
 264            *@retvel ж— 
 265            */
 266          
 267          void PlayMusic(unsigned char *note, unsigned char *beat, unsigned char len)
 268          {
 269   1          unsigned char i;
 270   1      
 271   1          for (i = 0; i < len; i++)
 272   1          {
 273   2              Buzzer_SetNote(note[i]);
 274   2      
 275   2              Delay(beat[i] * SPEED);
 276   2      
 277   2              TR0 = 0;
 278   2              Buzzer = 0;
 279   2      
 280   2              Delay(100);
 281   2          }
 282   1      }
 283          /**
 284            *@brief дё»еҮҪж•° жқҘиҝӣиЎҢйҹід№җзҡ„ж’ӯж”ҫ
 285            *@param
 286            *@retvel
 287            */
 288          void main() {
 289   1        Timer0_Init(); // е®ҡж—¶еҷЁиҝӣиЎҢеҲқе§ӢеҢ–
 290   1        while(1) {
 291   2          PlayMusic(Music_GuXiang_Note,Music_GuXiang_Beat,GUXIANG_LEN);
 292   2          Delay(2000);
 293   2        }
 294   1      }
 295          
 296          // з»Ҳз«ҜеҮҪж•° дә§з”ҹеҜ№еә”зҡ„йў‘зҺҮ
 297          void Timer0_Routine(void) interrupt 1
 298          {
 299   1          TH0 = ReloadValue / 256;
 300   1          TL0 = ReloadValue % 256;
 301   1          Buzzer = !Buzzer; // дә§з”ҹдёҖдёӘзү№е®ҡйў‘зҺҮзҡ„д№Ӣдёӯ
C51 COMPILER V9.57.0.0   MAIN                                                              05/17/2026 10:33:13 PAGE 6   

 302   1      }


MODULE INFORMATION:   STATIC OVERLAYABLE
   CODE SIZE        =    166    ----
   CONSTANT SIZE    =    658    ----
   XDATA SIZE       =   ----    ----
   PDATA SIZE       =   ----    ----
   DATA SIZE        =      2       8
   IDATA SIZE       =   ----    ----
   BIT SIZE         =   ----    ----
END OF MODULE INFORMATION.


C51 COMPILATION COMPLETE.  0 WARNING(S),  0 ERROR(S)
