C51 COMPILER V9.57.0.0   AT24C02                                                           05/17/2026 16:38:06 PAGE 1   


C51 COMPILER V9.57.0.0, COMPILATION OF MODULE AT24C02
OBJECT MODULE PLACED IN .\Objects\AT24C02.obj
COMPILER INVOKED BY: C:\Keil_v5\C51\BIN\C51.EXE AT24C02.c OPTIMIZE(8,SPEED) BROWSE DEBUG OBJECTEXTEND PRINT(.\Listings\A
                    -T24C02.lst) TABS(2) OBJECT(.\Objects\AT24C02.obj)

line level    source

   1          #include <REGX52.H>
   2          #include "I2C.h"
   3          
   4          #define AT24C02_ADDRESS 0xA0
   5          /**
   6            *@brief AT24C02 写入一个字节
   7            *@param WordAddress 要写入字节的地址 Data 要写入的字节数据
   8            *@retvel 无
   9            */
  10          void AT24C02_WriteByte(unsigned char WordAddress, unsigned char Data) {
  11   1        I2C_Start();
  12   1        I2C_SendByte(AT24C02_ADDRESS);
  13   1        I2C_ReceiveAck();
  14   1        I2C_SendByte(WordAddress);
  15   1        I2C_ReceiveAck();
  16   1        I2C_SendByte(Data);
  17   1        I2C_ReceiveAck();
  18   1        I2C_Stop();
  19   1      }
  20          /**
  21            *@brief AT24C02 读取一个字节
  22            *@param WordAddresss 要读出字节的地址
  23            *@retvel 读出的数据
  24            */
  25          unsigned char AT24C02_ReadByte(unsigned char WordAddress) {
  26   1        unsigned char Data;
  27   1        I2C_Start();
  28   1        I2C_SendByte(AT24C02_ADDRESS);
  29   1        I2C_ReceiveAck();
  30   1        I2C_SendByte(WordAddress);
  31   1        I2C_ReceiveAck();
  32   1        I2C_Start();
  33   1        I2C_SendByte(AT24C02_ADDRESS | 0x01); 
  34   1        I2C_ReceiveAck();
  35   1        Data = I2C_ReceiveByte();
  36   1        I2C_SendAck(1);
  37   1        I2C_Stop();
  38   1        return Data;
  39   1      }
  40          


MODULE INFORMATION:   STATIC OVERLAYABLE
   CODE SIZE        =     82    ----
   CONSTANT SIZE    =   ----    ----
   XDATA SIZE       =   ----    ----
   PDATA SIZE       =   ----    ----
   DATA SIZE        =   ----       4
   IDATA SIZE       =   ----    ----
   BIT SIZE         =   ----    ----
END OF MODULE INFORMATION.


C51 COMPILATION COMPLETE.  0 WARNING(S),  0 ERROR(S)
