C51 COMPILER V9.57.0.0   MAIN                                                              05/17/2026 16:40:06 PAGE 1   


C51 COMPILER V9.57.0.0, COMPILATION OF MODULE MAIN
OBJECT MODULE PLACED IN .\Objects\main.obj
COMPILER INVOKED BY: C:\Keil_v5\C51\BIN\C51.EXE main.c OPTIMIZE(8,SPEED) BROWSE DEBUG OBJECTEXTEND PRINT(.\Listings\main
                    -.lst) TABS(2) OBJECT(.\Objects\main.obj)

line level    source

   1          #include <REGX52.H>
   2          #include "delay.h"
   3          #include "key.h"
   4          #include "LCD1602.h"
   5          #include "I2C.h"
   6          #include "AT24C02.h"
   7          
   8          unsigned int Num;
   9          unsigned char KeyNum;
  10          
  11          void main() {
  12   1        LCD_Init();
  13   1      //  LCD_ShowString(1, 1, "Number:");
  14   1      ////  AT24C02_WriteByte(1, 122);
  15   1      ////  Delay(10);
  16   1      //  Data = AT24C02_ReadByte(1);
  17   1      //  LCD_ShowNum(2, 1, Data, 3);
  18   1        while(1) {
  19   2          KeyNum = key();
  20   2          if (KeyNum == 1) {
  21   3            Num++;
  22   3            LCD_ShowNum(1, 1, Num, 5);
  23   3          }
  24   2          if (KeyNum == 2) {
  25   3            Num--;
  26   3            LCD_ShowNum(1, 1, Num, 5);
  27   3          }
  28   2          if (KeyNum == 3) {
  29   3            AT24C02_WriteByte(0, Num % 256);
  30   3            Delay(5);
  31   3            AT24C02_WriteByte(1, Num / 256);
  32   3            Delay(5);
  33   3            LCD_ShowString(2, 1, "Write OK");
  34   3            Delay(1000);
  35   3            LCD_ShowString(2, 1, "        ");
  36   3          }
  37   2          if (KeyNum == 4) {
  38   3            Num = AT24C02_ReadByte(0);
  39   3            Num |= (AT24C02_ReadByte(1) << 8);
  40   3            LCD_ShowNum(1, 1, Num, 5);
  41   3            LCD_ShowString(2, 1, "Read OK");
  42   3            Delay(1000);
  43   3            LCD_ShowString(2, 1, "       ");
  44   3          }
  45   2        }
  46   1      }


MODULE INFORMATION:   STATIC OVERLAYABLE
   CODE SIZE        =    206    ----
   CONSTANT SIZE    =     34    ----
   XDATA SIZE       =   ----    ----
   PDATA SIZE       =   ----    ----
   DATA SIZE        =      3    ----
C51 COMPILER V9.57.0.0   MAIN                                                              05/17/2026 16:40:06 PAGE 2   

   IDATA SIZE       =   ----    ----
   BIT SIZE         =   ----    ----
END OF MODULE INFORMATION.


C51 COMPILATION COMPLETE.  0 WARNING(S),  0 ERROR(S)
