C51 COMPILER V9.54   MAIN                                                                  05/13/2026 11:46:27 PAGE 1   


C51 COMPILER V9.54, COMPILATION OF MODULE MAIN
OBJECT MODULE PLACED IN .\Objects\main.obj
COMPILER INVOKED BY: C:\Keil_v5\C51\BIN\C51.EXE main.c OPTIMIZE(8,SPEED) BROWSE DEBUG OBJECTEXTEND PRINT(.\Listings\main
                    -.lst) TABS(2) OBJECT(.\Objects\main.obj)

line level    source

   1          #include <REGX52.H>
   2          
   3          // 按下按键实现移位功能
   4          // 延时一毫秒
   5          void Delay(unsigned int xms)  //@11.0592MHz
   6          {
   7   1        unsigned char data i, j;
   8   1        unsigned int m;
   9   1        for (m = 0; m < xms; m++){
  10   2          i = 2;
  11   2          j = 199;
  12   2          do
  13   2          {
  14   3            while (--j);
  15   3          } while (--i);
  16   2        }
  17   1      }
  18          
  19          
  20          void main() {
  21   1        unsigned char NUMled = 0;
  22   1        P2 = 0xFE;
  23   1        while (1) {
  24   2          if (P3_1 == 0) {
  25   3            Delay(20);
  26   3            while(P3_1 == 0);
  27   3            Delay(20);
  28   3            
  29   3            if (NUMled == 7) {
  30   4              NUMled = 0;
  31   4            }
  32   3            else {
  33   4              NUMled++;
  34   4            }
  35   3            P2 = ~(0x01 << NUMled);
  36   3          }
  37   2          if (P3_0 == 0) {
  38   3            Delay(20);
  39   3            while(P3_0 == 0);
  40   3            Delay(20);
  41   3            
  42   3            if (NUMled == 0) {
  43   4              NUMled = 7;
  44   4            }
  45   3            else {
  46   4              NUMled--;
  47   4            }
  48   3            P2 = ~(0x01 << NUMled);
  49   3          }
  50   2        }
  51   1      }


MODULE INFORMATION:   STATIC OVERLAYABLE
C51 COMPILER V9.54   MAIN                                                                  05/13/2026 11:46:27 PAGE 2   

   CODE SIZE        =    105    ----
   CONSTANT SIZE    =   ----    ----
   XDATA SIZE       =   ----    ----
   PDATA SIZE       =   ----    ----
   DATA SIZE        =   ----    ----
   IDATA SIZE       =   ----    ----
   BIT SIZE         =   ----    ----
END OF MODULE INFORMATION.


C51 COMPILATION COMPLETE.  0 WARNING(S),  0 ERROR(S)
