C51 COMPILER V9.57.0.0   MAIN                                                              05/16/2026 12:49:24 PAGE 1   


C51 COMPILER V9.57.0.0, COMPILATION OF MODULE MAIN
OBJECT MODULE PLACED IN .\Objects\main.obj
COMPILER INVOKED BY: C:\Keil_v5\C51\BIN\C51.EXE main.c OPTIMIZE(8,SPEED) BROWSE DEBUG OBJECTEXTEND PRINT(.\Listings\main
                    -.lst) TABS(2) OBJECT(.\Objects\main.obj)

line level    source

   1          #include <REGX52.H>
   2          #include "Delay.h"
   3          #include "MatrixLED.h"
   4          
   5          sbit RCK = P3 ^ 5; // RCLK
   6          sbit SCK = P3 ^ 6;
   7          sbit SER = P3 ^ 4;
   8          
   9          #define MATRIX_LED_PORT P0
  10          
  11          
  12          signed char code Animation[]=
  13          {
  14            0x00,0x00,0x1B,0x3C,0xF8,0xFC,0x3B,0x00,0x00,0x1B,0x3C,0xFC,0xFF,0x3A,0x00,0x00,
  15            0x00,0x00,0x0B,0x1C,0x7C,0x7E,0x1B,0x00,0x00,0x1B,0x3C,0xFC,0xFF,0x3A,0x00,0x00
  16          };
  17          
  18          
  19          
  20          void main() {
  21   1        unsigned char i;
  22   1        unsigned char offset = 0;
  23   1        unsigned char count = 0;
  24   1        MatrixLED_Init();
  25   1        
  26   1        while(1){
  27   2          for (i = 0; i < 8; i++) { 
  28   3            MatrixLED_ShowColumn(i, Animation[i + offset]);
  29   3          }
  30   2          count++;
  31   2          if (count > 100) {
  32   3            count = 0;
  33   3            offset += 8;
  34   3            if (offset > 24) {
  35   4              offset = 0;
  36   4            }
  37   3          }
  38   2        }
  39   1      }


MODULE INFORMATION:   STATIC OVERLAYABLE
   CODE SIZE        =     62    ----
   CONSTANT SIZE    =     32    ----
   XDATA SIZE       =   ----    ----
   PDATA SIZE       =   ----    ----
   DATA SIZE        =   ----       3
   IDATA SIZE       =   ----    ----
   BIT SIZE         =   ----    ----
END OF MODULE INFORMATION.


C51 COMPILATION COMPLETE.  0 WARNING(S),  0 ERROR(S)
