C51 COMPILER V9.57.0.0   MATRIXLED                                                         05/16/2026 12:09:13 PAGE 1   


C51 COMPILER V9.57.0.0, COMPILATION OF MODULE MATRIXLED
OBJECT MODULE PLACED IN .\Objects\MatrixLED.obj
COMPILER INVOKED BY: C:\Keil_v5\C51\BIN\C51.EXE MatrixLED.c OPTIMIZE(8,SPEED) BROWSE DEBUG OBJECTEXTEND PRINT(.\Listings
                    -\MatrixLED.lst) TABS(2) OBJECT(.\Objects\MatrixLED.obj)

line level    source

   1          #include <REGX52.H>
   2          #include "Delay.h"
   3          sbit RCK = P3 ^ 5; // RCLK
   4          sbit SCK = P3 ^ 6;
   5          sbit SER = P3 ^ 4;
   6          /**
   7            *@brief 74HC595еҶҷе…ҘдёҖдёӘеӯ—иҠӮ
   8            *@param иҰҒеҶҷе…Ҙзҡ„еӯ—иҠӮ
   9            *@retvel 
  10            */
  11          void _74HC595_WriteByte(unsigned char Byte) {
  12   1      //  SER = Byte&0x80; // йқһйӣ¶еҚі1
  13   1      //  SCK = 1;
  14   1      //  SCK = 0;
  15   1      //  SER = Byte&0x40;
  16   1      //  SCK = 1;
  17   1      //  SCK = 0;
  18   1      //  SER = Byte&0x20;
  19   1      //  SCK = 1;
  20   1      //  SCK = 0;
  21   1      //  SER = Byte&0x10;
  22   1      //  SCK = 1;
  23   1      //  SCK = 0;
  24   1        
  25   1        unsigned char i;
  26   1        for (i = 0; i < 8; i++) {
  27   2          SER = Byte & (0x80 >> i);
  28   2          SCK = 1;
  29   2          SCK = 0;
  30   2        }
  31   1        RCK = 1;
  32   1        RCK = 0;
  33   1      }
  34          
  35          /**
  36            *@brief ledжҳҫзӨәеұҸжҳҫзӨәдёҖеҲ—зҡ„ж•°жҚ® 
  37            *@param з¬¬дёҖдёӘеҸӮж•°жҳҜиҰҒйҖүжӢ©зҡ„еҲ—пјҢиҢғеӣҙжҳҜ0еҲ°7пјҢ0еңЁжңҖе·Ұиҫ№пјҢз¬¬дәҢдёӘеҸӮж•°жҳҜжҳҫзӨәеҸӮж
             -•°пјҢйҖүжӢ©зҡ„еҲ—зҡ„ж•°жҚ®пјҢй«ҳдҪҚеңЁдёҠпјҢ1иЎЁзӨәдә®пјҢиЎЁзӨәзҡ„жҳҜзҒӯ
  38            *@retvel
  39           */
  40          void MatrixLED_ShowColumn(unsigned char Column, unsigned char Data) {
  41   1        _74HC595_WriteByte(Data);
  42   1        P0 = ~(0x80>>Column);
  43   1      }
  44          
  45          /**
  46            *@brief зӮ№йҳөеұҸжё…йӣ¶
  47            *@param
  48            *@retvel
  49            */
  50          void MatrixLED_Init() {
  51   1        SCK = 0;
  52   1        RCK = 0;
  53   1      }
C51 COMPILER V9.57.0.0   MATRIXLED                                                         05/16/2026 12:09:13 PAGE 2   



MODULE INFORMATION:   STATIC OVERLAYABLE
   CODE SIZE        =     76    ----
   CONSTANT SIZE    =   ----    ----
   XDATA SIZE       =   ----    ----
   PDATA SIZE       =   ----    ----
   DATA SIZE        =   ----    ----
   IDATA SIZE       =   ----    ----
   BIT SIZE         =   ----    ----
END OF MODULE INFORMATION.


C51 COMPILATION COMPLETE.  0 WARNING(S),  0 ERROR(S)
