C51 COMPILER V9.57.0.0   MAIN                                                              05/19/2026 09:12:03 PAGE 1   


C51 COMPILER V9.57.0.0, COMPILATION OF MODULE MAIN
OBJECT MODULE PLACED IN .\Objects\main.obj
COMPILER INVOKED BY: C:\Keil_v5\C51\BIN\C51.EXE main.c OPTIMIZE(8,SPEED) BROWSE DEBUG OBJECTEXTEND PRINT(.\Listings\main
                    -.lst) TABS(2) OBJECT(.\Objects\main.obj)

line level    source

   1          #include <REGX52.H>
   2          #include "delay.h"
   3          #include "key.h"
   4          #include "Timer0.h"
   5          #include "Nixie.h"
   6          
   7          sbit Motor = P1 ^ 0;
   8          unsigned char Counter;
   9          unsigned char Compare;
  10          unsigned char KeyNum;
  11          unsigned char Speed;
  12          
  13          void main() {
  14   1        Timer0_Init();
  15   1        Compare = 0;
  16   1        while(1) {
  17   2          KeyNum = Key();
  18   2          if (KeyNum == 1) {
  19   3            Speed++;
  20   3            Speed %= 8;
  21   3            if (Speed == 0) {Compare = 0;}
  22   3            if (Speed == 1) {Compare = 10;}
  23   3            if (Speed == 2) {Compare = 25;}
  24   3            if (Speed == 3) {Compare = 40;}
  25   3            if (Speed == 4) {Compare = 50;}
  26   3            if (Speed == 5) {Compare = 75;}
  27   3            if (Speed == 6) {Compare = 90;}
  28   3            if (Speed == 7) {Compare = 100;}
  29   3          }
  30   2          if (KeyNum == 2) {
  31   3            Speed = 0;
  32   3            Compare = 0;
  33   3          }
  34   2          if (KeyNum == 3) {
  35   3            if (Speed == 0) {Speed = 0;}
  36   3            else {Speed--;}
  37   3            if (Speed == 0) {Compare = 0;}
  38   3            if (Speed == 1) {Compare = 10;}
  39   3            if (Speed == 2) {Compare = 25;}
  40   3            if (Speed == 3) {Compare = 40;}
  41   3            if (Speed == 4) {Compare = 50;}
  42   3            if (Speed == 5) {Compare = 75;}
  43   3            if (Speed == 6) {Compare = 90;}
  44   3            if (Speed == 7) {Compare = 100;}  
  45   3          }
  46   2          Nixie(1, Speed);
  47   2        }
  48   1        
  49   1      }
  50          
  51          
  52          void Timer0_Routine() interrupt 1{
  53   1        // static unsigned int T0Count = 0; // 保证退出函数的时候不丢失数据
  54   1        static unsigned int Count0;
C51 COMPILER V9.57.0.0   MAIN                                                              05/19/2026 09:12:03 PAGE 2   

  55   1        TL0 = 0xA4; // 重新赋初始值
  56   1        TH0 = 0xFF;
  57   1        Counter++;
  58   1        Counter %= 100;
  59   1        if (Counter < Compare) {
  60   2          Motor = 1;
  61   2        }
  62   1        else {
  63   2          Motor = 0;
  64   2        }
  65   1        Count0++;
  66   1        if (Count0 >= 200) { // 每隔20ms对btn进行检测是否按下并进行更新值
  67   2          Key_Loop();
  68   2          Count0 = 0;
  69   2        }
  70   1        
  71   1      }


MODULE INFORMATION:   STATIC OVERLAYABLE
   CODE SIZE        =    297    ----
   CONSTANT SIZE    =   ----    ----
   XDATA SIZE       =   ----    ----
   PDATA SIZE       =   ----    ----
   DATA SIZE        =      6    ----
   IDATA SIZE       =   ----    ----
   BIT SIZE         =   ----    ----
END OF MODULE INFORMATION.


C51 COMPILATION COMPLETE.  0 WARNING(S),  0 ERROR(S)
