C51 COMPILER V9.57.0.0   MAIN                                                              05/19/2026 13:44:00 PAGE 1   


C51 COMPILER V9.57.0.0, COMPILATION OF MODULE MAIN
OBJECT MODULE PLACED IN .\Objects\main.obj
COMPILER INVOKED BY: C:\Keil_v5\C51\BIN\C51.EXE main.c OPTIMIZE(8,SPEED) BROWSE DEBUG OBJECTEXTEND PRINT(.\Listings\main
                    -.lst) TABS(2) OBJECT(.\Objects\main.obj)

line level    source

   1          #include <REGX52.H>
   2          #include "Delay.h"
   3          #include "LCD1602.h"
   4          #include "XPT2046.h"
   5          
   6          unsigned int ADValue1, ADValue2, ADValue3;
   7          
   8          void main() {
   9   1        LCD_Init();
  10   1        // 使用的时候需要将DS18B20给拔掉
  11   1        LCD_ShowString(1, 1, "ADJ");
  12   1        LCD_ShowString(1, 7, "NTC");
  13   1        LCD_ShowString(1, 13, "RG");
  14   1        while(1) {
  15   2          ADValue1 = XPT2046_ReadAD(XPT2046_XP_12);
  16   2          LCD_ShowNum(2, 1, ADValue1, 4);
  17   2          Delay(10);
  18   2          ADValue2 = XPT2046_ReadAD(XPT2046_YP_12);
  19   2          LCD_ShowNum(2, 7, ADValue2, 4);
  20   2          Delay(10);
  21   2          ADValue3 = XPT2046_ReadAD(XPT2046_VBAT_12);
  22   2          LCD_ShowNum(2, 13, ADValue3, 4);
  23   2          Delay(10);    
  24   2        }
  25   1      }


MODULE INFORMATION:   STATIC OVERLAYABLE
   CODE SIZE        =    134    ----
   CONSTANT SIZE    =     11    ----
   XDATA SIZE       =   ----    ----
   PDATA SIZE       =   ----    ----
   DATA SIZE        =      6    ----
   IDATA SIZE       =   ----    ----
   BIT SIZE         =   ----    ----
END OF MODULE INFORMATION.


C51 COMPILATION COMPLETE.  0 WARNING(S),  0 ERROR(S)
