C51 COMPILER V9.57.0.0   XPT2046                                                           05/19/2026 13:35:39 PAGE 1   


C51 COMPILER V9.57.0.0, COMPILATION OF MODULE XPT2046
OBJECT MODULE PLACED IN .\Objects\XPT2046.obj
COMPILER INVOKED BY: C:\Keil_v5\C51\BIN\C51.EXE XPT2046.c OPTIMIZE(8,SPEED) BROWSE DEBUG OBJECTEXTEND PRINT(.\Listings\X
                    -PT2046.lst) TABS(2) OBJECT(.\Objects\XPT2046.obj)

line level    source

   1          #include <REGX52.H>
   2          
   3          sbit XPT2046_CS = P3 ^ 5;
   4          sbit XPT2046_DCLK = P3 ^ 6;
   5          sbit XPT2046_DIN = P3 ^ 4;
   6          sbit XPT2046_DOUT = P3 ^ 7;
   7          
   8          unsigned int XPT2046_ReadAD(unsigned char Command) {
   9   1        unsigned int ADValue = 0;
  10   1        unsigned char i;
  11   1        XPT2046_CS = 0;
  12   1        XPT2046_DCLK = 0;
  13   1        for (i = 0; i < 8; i++) {
  14   2          XPT2046_DIN = Command & (0x80 >> i);
  15   2          XPT2046_DCLK = 1;
  16   2          XPT2046_DCLK = 0;
  17   2        }
  18   1        for (i = 0; i < 16; i++) {
  19   2          XPT2046_DCLK = 1;
  20   2          XPT2046_DCLK = 0;
  21   2          if (XPT2046_DOUT) {
  22   3            ADValue |= (0x8000u >> i);
  23   3          }
  24   2        }
  25   1        XPT2046_CS = 1;
  26   1        if (Command & 0x08) {   
  27   2          return ADValue >> 8;
  28   2        }
  29   1        else {
  30   2          return ADValue >> 4;
  31   2        }
  32   1      }


MODULE INFORMATION:   STATIC OVERLAYABLE
   CODE SIZE        =    110    ----
   CONSTANT SIZE    =   ----    ----
   XDATA SIZE       =   ----    ----
   PDATA SIZE       =   ----    ----
   DATA SIZE        =   ----       2
   IDATA SIZE       =   ----    ----
   BIT SIZE         =   ----    ----
END OF MODULE INFORMATION.


C51 COMPILATION COMPLETE.  0 WARNING(S),  0 ERROR(S)
