C51 COMPILER V9.57.0.0   DS18B20                                                           05/18/2026 14:00:49 PAGE 1   


C51 COMPILER V9.57.0.0, COMPILATION OF MODULE DS18B20
OBJECT MODULE PLACED IN .\Objects\DS18B20.obj
COMPILER INVOKED BY: C:\Keil_v5\C51\BIN\C51.EXE DS18B20.c OPTIMIZE(8,SPEED) BROWSE DEBUG OBJECTEXTEND PRINT(.\Listings\D
                    -S18B20.lst) TABS(2) OBJECT(.\Objects\DS18B20.obj)

line level    source

   1          #include <REGX52.H>
   2          #include "OneWire.h"
   3          #include "LCD1602.h"
   4          
   5          #define DS18B20_SKIP_ROM 0xCC
   6          #define CONVERT_T 0x44
   7          #define READ_SCRATCHPAD 0xBE
   8          
   9          void DS18B20_ConvertT(void) {
  10   1        OneWire_Init();
  11   1        OneWire_SendByte(DS18B20_SKIP_ROM);
  12   1        OneWire_SendByte(CONVERT_T);
  13   1      }
  14          
  15          float DS18B20_ReadT(void) {
  16   1        unsigned char TLSB, TMSB;
  17   1        int Temp;
  18   1        float T;
  19   1        OneWire_Init();
  20   1        OneWire_SendByte(DS18B20_SKIP_ROM);
  21   1        OneWire_SendByte(READ_SCRATCHPAD);
  22   1        TLSB = OneWire_ReceiveByte();
  23   1        TMSB = OneWire_ReceiveByte();
  24   1      //  LCD_ShowBinNum(1, 9, TMSB, 8);
  25   1      //  LCD_ShowBinNum(1, 9, TLSB, 8);
  26   1        Temp = (TMSB << 8) | TLSB;
  27   1        T = Temp / 16.0;
  28   1        return T;
  29   1      }
  30            


MODULE INFORMATION:   STATIC OVERLAYABLE
   CODE SIZE        =     56    ----
   CONSTANT SIZE    =   ----    ----
   XDATA SIZE       =   ----    ----
   PDATA SIZE       =   ----    ----
   DATA SIZE        =   ----       1
   IDATA SIZE       =   ----    ----
   BIT SIZE         =   ----    ----
END OF MODULE INFORMATION.


C51 COMPILATION COMPLETE.  0 WARNING(S),  0 ERROR(S)
