C51 COMPILER V9.57.0.0   I2C                                                               05/18/2026 13:58:01 PAGE 1   


C51 COMPILER V9.57.0.0, COMPILATION OF MODULE I2C
OBJECT MODULE PLACED IN .\Objects\I2C.obj
COMPILER INVOKED BY: C:\Keil_v5\C51\BIN\C51.EXE I2C.c OPTIMIZE(8,SPEED) BROWSE DEBUG OBJECTEXTEND PRINT(.\Listings\I2C.l
                    -st) TABS(2) OBJECT(.\Objects\I2C.obj)

line level    source

   1          #include <REGX52.H>
   2          
   3          sbit I2C_SCL = P2 ^ 1;
   4          sbit I2C_SDA = P2 ^ 0;
   5          /**
   6            *@brief 开始阶段，SCL高电平期间，SDA从高电平切换到低电平
   7            *@param 无
   8            *@retvel 无
   9            */
  10          void I2C_Start(void) {
  11   1        I2C_SDA = 1;
  12   1        I2C_SCL = 1;
  13   1        I2C_SDA = 0;
  14   1        I2C_SCL = 0;
  15   1      }
  16          /**
  17            *@brief 结束阶段 SCL高电平期间 SDA从低电平切换到高电平
  18            *@param 无
  19            *@retvel 无
  20            */
  21          void I2C_Stop(void) {
  22   1        I2C_SDA = 0;
  23   1        I2C_SCL = 1;
  24   1        I2C_SDA = 1;
  25   1      }
  26          /**
  27            *@brief 发送一个字节 从高位到低位依次来进行提取
  28            *@param 发送的字节
  29            *@retvel 无
  30            */
  31          void I2C_SendByte(unsigned char Byte) {
  32   1        unsigned char i;
  33   1        for (i = 0; i < 8; i++) {
  34   2          I2C_SDA = Byte & (0x80 >> i);
  35   2          I2C_SCL = 1;
  36   2          I2C_SCL = 0;
  37   2        }
  38   1      }
  39          /**
  40            *@brief I2C接收一个字节
  41            *@param 无
  42            *@retvel 返回接收的一个字节
  43            */
  44          //unsigned char I2C_ReceiveByte(void) {
  45          //  unsigned char i;
  46          //  unsigned char Byte;
  47          //  I2C_SDA = 1;
  48          //  I2C_SCL = 1;
  49          //  for (i = 0; i < 8; i++) {
  50          //    if (I2C_SDA) {
  51          //      Byte |= (0x80 >> i);
  52          //    }
  53          //    I2C_SCL = 0;
  54          //  } 
C51 COMPILER V9.57.0.0   I2C                                                               05/18/2026 13:58:01 PAGE 2   

  55          //  return Byte;
  56          //}
  57          
  58          unsigned char I2C_ReceiveByte(void)
  59          {
  60   1        unsigned char i;
  61   1        unsigned char Byte = 0;
  62   1      
  63   1        I2C_SDA = 1;   // 释放 SDA，让从机控制 SDA
  64   1      
  65   1        for (i = 0; i < 8; i++)
  66   1        {
  67   2          I2C_SCL = 1;   // 第 i 位开始采样
  68   2      
  69   2          if (I2C_SDA)
  70   2          {
  71   3            Byte |= (0x80 >> i);
  72   3          }
  73   2      
  74   2          I2C_SCL = 0;   // 结束这一位
  75   2        }
  76   1      
  77   1        return Byte;
  78   1      }
  79          
  80          /**
  81            *@brief I2C发送一个应答位
  82            *@param AckBit 应答位 1为非应答 0位应答
  83            *@retvel 无
  84            */
  85          void I2C_SendAck(bit AckBit) {
  86   1        I2C_SDA = AckBit;
  87   1        I2C_SCL = 1;
  88   1        I2C_SCL = 0;
  89   1      }
  90          /**
  91            *@brief I2C接收一个应答位
  92            *@param 无
  93            *@retvel 接收到的应答位
  94            */
  95          bit I2C_ReceiveAck(void) {
  96   1        bit AckBit;
  97   1        I2C_SDA = 1;
  98   1        I2C_SCL = 1;
  99   1        if (I2C_SDA) {AckBit = 1;}
 100   1        else {AckBit = 0;}
 101   1        I2C_SCL = 0;
 102   1        return AckBit;
 103   1      }


MODULE INFORMATION:   STATIC OVERLAYABLE
   CODE SIZE        =    114    ----
   CONSTANT SIZE    =   ----    ----
   XDATA SIZE       =   ----    ----
   PDATA SIZE       =   ----    ----
   DATA SIZE        =   ----    ----
   IDATA SIZE       =   ----    ----
   BIT SIZE         =   ----       2
END OF MODULE INFORMATION.


C51 COMPILATION COMPLETE.  0 WARNING(S),  0 ERROR(S)
