C51 COMPILER V9.57.0.0   MAIN                                                              05/18/2026 14:13:46 PAGE 1   


C51 COMPILER V9.57.0.0, COMPILATION OF MODULE MAIN
OBJECT MODULE PLACED IN .\Objects\main.obj
COMPILER INVOKED BY: C:\Keil_v5\C51\BIN\C51.EXE main.c OPTIMIZE(8,SPEED) BROWSE DEBUG OBJECTEXTEND PRINT(.\Listings\main
                    -.lst) TABS(2) OBJECT(.\Objects\main.obj)

line level    source

   1          #include <REGX52.H>
   2          #include "LCD1602.h"
   3          #include "Delay.h"
   4          #include "key.h"
   5          #include "AT24C02.h"
   6          #include "DS18B20.h"
   7          
   8          float T;
   9          char THight;
  10          char TLow;
  11          
  12          unsigned char KeyNum;
  13          
  14          void main() {
  15   1        KeyNum = key();
*** WARNING C206 IN LINE 15 OF main.c: 'key': missing function-prototype
  16   1        LCD_Init();
  17   1        LCD_ShowString(1, 1, "T:");
  18   1        LCD_ShowString(2, 1, "TH:");
  19   1        LCD_ShowString(2, 9, "TL:");
  20   1        while (1) {
  21   2          // 温度读取及显示
  22   2          DS18B20_ConvertT();
  23   2          T = DS18B20_ReadT();
  24   2          if (T < 0) {
  25   3            LCD_ShowChar(1, 3, '-');
  26   3            T = -T;
  27   3          }
  28   2          else {
  29   3            LCD_ShowChar(1, 3, '+');
  30   3          }
  31   2          LCD_ShowNum(1, 4, T, 3);
  32   2          LCD_ShowChar(1, 7, '.');
  33   2          LCD_ShowNum(1, 8, (unsigned long)(T * 100 + 0.5) % 100, 2);
  34   2          if (KeyNum) {
  35   3            if (KeyNum == 1) {
  36   4              THight++;
  37   4            }
  38   3            if (KeyNum == 2) {
  39   4              THight--;
  40   4            }
  41   3            if (KeyNum == 3) {
  42   4              TLow++;
  43   4            }
  44   3            if (KeyNum == 4) {
  45   4              TLow--;
  46   4            }
  47   3            // 阈值判断及显示
  48   3            LCD_ShowSignedNum(2, 4, THight, 3);
  49   3            LCD_ShowSignedNum(2, 12, TLow, 3);
  50   3          }
  51   2        } 
  52   1      }

C51 COMPILER V9.57.0.0   MAIN                                                              05/18/2026 14:13:46 PAGE 2   


MODULE INFORMATION:   STATIC OVERLAYABLE
   CODE SIZE        =    271    ----
   CONSTANT SIZE    =     11    ----
   XDATA SIZE       =   ----    ----
   PDATA SIZE       =   ----    ----
   DATA SIZE        =      7    ----
   IDATA SIZE       =   ----    ----
   BIT SIZE         =   ----    ----
END OF MODULE INFORMATION.


C51 COMPILATION COMPLETE.  1 WARNING(S),  0 ERROR(S)
