C51 COMPILER V9.57.0.0   MAIN                                                              05/14/2026 15:00:40 PAGE 1   


C51 COMPILER V9.57.0.0, COMPILATION OF MODULE MAIN
OBJECT MODULE PLACED IN .\Objects\main.obj
COMPILER INVOKED BY: C:\Keil_v5\C51\BIN\C51.EXE main.c OPTIMIZE(8,SPEED) BROWSE DEBUG OBJECTEXTEND PRINT(.\Listings\main
                    -.lst) TABS(2) OBJECT(.\Objects\main.obj)

line level    source

   1          #include "LCD1602.h"
   2          #include "delay.h"
   3          #include "matrix_key.h"
   4          
   5          unsigned char KeyNum;
   6          void main() {
   7   1        LCD_Init();
   8   1        LCD_ShowString(1, 1, "hello world");
   9   1        while(1) {
  10   2          KeyNum = Matrix_Key();
  11   2          if(KeyNum) {
  12   3            LCD_ShowNum(2, 1, KeyNum, 2);
  13   3          }
  14   2        }
  15   1      } 


MODULE INFORMATION:   STATIC OVERLAYABLE
   CODE SIZE        =     40    ----
   CONSTANT SIZE    =     12    ----
   XDATA SIZE       =   ----    ----
   PDATA SIZE       =   ----    ----
   DATA SIZE        =      1    ----
   IDATA SIZE       =   ----    ----
   BIT SIZE         =   ----    ----
END OF MODULE INFORMATION.


C51 COMPILATION COMPLETE.  0 WARNING(S),  0 ERROR(S)
