C51 COMPILER V9.57.0.0   MAIN                                                              05/14/2026 12:20:00 PAGE 1   


C51 COMPILER V9.57.0.0, COMPILATION OF MODULE MAIN
OBJECT MODULE PLACED IN .\Objects\main.obj
COMPILER INVOKED BY: C:\Keil_v5\C51\BIN\C51.EXE main.c OPTIMIZE(8,SPEED) BROWSE DEBUG OBJECTEXTEND PRINT(.\Listings\main
                    -.lst) TABS(2) OBJECT(.\Objects\main.obj)

line level    source

   1          #include "LCD1602.h"
   2          #include "delay.h"
   3          int Result;
   4          void main(void) {
   5   1        int i = 0;
   6   1        LCD_Init();
   7   1        LCD_ShowChar(1, 1, 'A');
   8   1        LCD_ShowString(1, 3, "Hello");
   9   1        LCD_ShowNum(1, 9, 123, 3);
  10   1        LCD_ShowHexNum(2, 1, 0x1F, 2);
  11   1        LCD_ShowBinNum(2, 4, 0xAA, 8);
  12   1        Result = 1 + 1;
  13   1        LCD_ShowNum(2, 13, Result, 1);
  14   1        while(1) {
  15   2          for (i = 0; i < 10; i++) {
  16   3            LCD_ShowNum(2, 15, i, 1);
  17   3            delay(1000);
  18   3          }
  19   2        }
  20   1      }


MODULE INFORMATION:   STATIC OVERLAYABLE
   CODE SIZE        =    139    ----
   CONSTANT SIZE    =      6    ----
   XDATA SIZE       =   ----    ----
   PDATA SIZE       =   ----    ----
   DATA SIZE        =      2       2
   IDATA SIZE       =   ----    ----
   BIT SIZE         =   ----    ----
END OF MODULE INFORMATION.


C51 COMPILATION COMPLETE.  0 WARNING(S),  0 ERROR(S)
