C51 COMPILER V9.57.0.0   MAIN                                                              05/16/2026 19:44:26 PAGE 1   


C51 COMPILER V9.57.0.0, COMPILATION OF MODULE MAIN
OBJECT MODULE PLACED IN .\Objects\main.obj
COMPILER INVOKED BY: C:\Keil_v5\C51\BIN\C51.EXE main.c OPTIMIZE(8,SPEED) BROWSE DEBUG OBJECTEXTEND PRINT(.\Listings\main
                    -.lst) TABS(2) OBJECT(.\Objects\main.obj)

line level    source

   1          #include <REGX52.H>
   2          #include "LCD1602.h"
   3          #include "DS1302.h"
   4          #include "Delay.h"
   5          #include "key.h"
   6          #include "Timer0.h"
   7          #include "IsLeapYear.h"
   8          
   9          unsigned char KeyNum;
  10          unsigned char Mode;
  11          unsigned char TimeSelect;
  12          unsigned char TimeSetFlashFlag;
  13          
  14          void TimeShow(void) {
  15   1          DS1302_ReadTime(); // 进行读取时间之后，并对DS1302_Time数组进行更新
  16   1          LCD_ShowNum(1, 1, DS1302_Time[0], 2);
  17   1          LCD_ShowNum(1, 4, DS1302_Time[1], 2);
  18   1          LCD_ShowNum(1, 7, DS1302_Time[2], 2);
  19   1          LCD_ShowNum(2, 1, DS1302_Time[3], 2);
  20   1          LCD_ShowNum(2, 4, DS1302_Time[4], 2);
  21   1          LCD_ShowNum(2, 7, DS1302_Time[5], 2);
  22   1          LCD_ShowNum(2, 10, DS1302_Time[6], 1);
  23   1          
  24   1      }
  25          
  26          void TimeSet(void) {
  27   1      
  28   1          if (KeyNum == 2) {
  29   2            TimeSelect++;
  30   2            TimeSelect %= 7; // 加加并越界清零
  31   2          }
  32   1          if (KeyNum == 3) {
  33   2            DS1302_Time[TimeSelect]++;
  34   2            if (DS1302_Time[0] > 99) {DS1302_Time[0] = 0;}
  35   2            if (DS1302_Time[1] > 12) {DS1302_Time[1] = 1;}
  36   2            if (DS1302_Time[2] > GetMonthDays(DS1302_Time[0], DS1302_Time[1])) {DS1302_Time[2] = 1;}
  37   2            if (DS1302_Time[3] > 23) {DS1302_Time[3] = 0;}
  38   2            if (DS1302_Time[4] > 59) {DS1302_Time[4] = 0;}
  39   2            if (DS1302_Time[5] > 59) {DS1302_Time[5] = 0;}
  40   2            if (DS1302_Time[6] > 7) {DS1302_Time[6] = 1;}
  41   2          }
  42   1          if (KeyNum == 4) {
  43   2            DS1302_Time[TimeSelect]--;
  44   2      
  45   2            if (DS1302_Time[0] > 99)
  46   2            {
  47   3                DS1302_Time[0] = 99;
  48   3            }
  49   2      
  50   2            if (DS1302_Time[1] == 0)
  51   2            {
  52   3                DS1302_Time[1] = 12;
  53   3            }
  54   2            // 对日进行下界越界的判断
C51 COMPILER V9.57.0.0   MAIN                                                              05/16/2026 19:44:26 PAGE 2   

  55   2            if (DS1302_Time[2] == 0)
  56   2            {
  57   3                DS1302_Time[2] = GetMonthDays(DS1302_Time[0], DS1302_Time[1]);
  58   3            }
  59   2            else if (DS1302_Time[2] > GetMonthDays(DS1302_Time[0], DS1302_Time[1])) {
  60   3              DS1302_Time[2] = 1;
  61   3            }
  62   2      
  63   2            if (DS1302_Time[3] > 23)
  64   2            {
  65   3                DS1302_Time[3] = 23;
  66   3            }
  67   2      
  68   2            if (DS1302_Time[4] > 59)
  69   2            {
  70   3                DS1302_Time[4] = 59;
  71   3            }
  72   2      
  73   2            if (DS1302_Time[5] > 59)
  74   2            {
  75   3                DS1302_Time[5] = 59;
  76   3            }
  77   2      
  78   2            if (DS1302_Time[6] == 0)
  79   2            {
  80   3                DS1302_Time[6] = 7;
  81   3            }
  82   2          }
  83   1          if (TimeSelect == 0 && TimeSetFlashFlag == 1) {
  84   2            LCD_ShowString(1, 1, "  ");
  85   2          }
  86   1          else {
  87   2          LCD_ShowNum(1, 1, DS1302_Time[0], 2);
  88   2          }
  89   1          if (TimeSelect == 1 && TimeSetFlashFlag == 1) {
  90   2            LCD_ShowString(1, 4, "  ");
  91   2          }
  92   1          else {
  93   2            LCD_ShowNum(1, 4, DS1302_Time[1], 2);
  94   2          }
  95   1          if (TimeSelect == 2 && TimeSetFlashFlag == 1) {
  96   2            LCD_ShowString(1, 7, "  ");
  97   2          }
  98   1          else {
  99   2            LCD_ShowNum(1, 7, DS1302_Time[2], 2);
 100   2          }
 101   1          if (TimeSelect == 3 && TimeSetFlashFlag == 1) {
 102   2            LCD_ShowString(2, 1, "  ");
 103   2          }
 104   1          else {
 105   2            LCD_ShowNum(2, 1, DS1302_Time[3], 2);
 106   2          }
 107   1          if (TimeSelect == 4 && TimeSetFlashFlag == 1) {
 108   2            LCD_ShowString(2, 4, "  ");
 109   2          }
 110   1          else {
 111   2            LCD_ShowNum(2, 4, DS1302_Time[4], 2);
 112   2          }
 113   1          if (TimeSelect == 5 && TimeSetFlashFlag == 1) {
 114   2            LCD_ShowString(2, 7, "  ");
 115   2          }
 116   1          else {
C51 COMPILER V9.57.0.0   MAIN                                                              05/16/2026 19:44:26 PAGE 3   

 117   2            LCD_ShowNum(2, 7, DS1302_Time[5], 2);
 118   2          }
 119   1          if (TimeSelect == 6 && TimeSetFlashFlag == 1) {
 120   2            LCD_ShowString(2, 10, " ");
 121   2          }
 122   1          else {
 123   2            LCD_ShowNum(2, 10, DS1302_Time[6], 1);
 124   2          }
 125   1          
 126   1          switch (TimeSelect) {
 127   2            case 0: {LCD_ShowString(1, 10, "YEAR   "); break;}
 128   2            case 1: {LCD_ShowString(1, 10, "MONTH  "); break;}
 129   2            case 2: {LCD_ShowString(1, 10, "DATE   "); break;}
 130   2            case 3: {LCD_ShowString(1, 10, "HOUR   "); break;}
 131   2            case 4: {LCD_ShowString(1, 10, "MINUTE "); break;}
 132   2            case 5: {LCD_ShowString(1, 10, "SECOND "); break;}
 133   2            case 6: {LCD_ShowString(1, 10, "WEEKDAY"); break;}
 134   2          }
 135   1          if (TimeSetFlashFlag) {
 136   2            LCD_ShowString(2, 12, "SET ");
 137   2          }
 138   1          else {
 139   2            LCD_ShowString(2, 12, "TIME");
 140   2          }
 141   1      }
 142          
 143          void main() {
 144   1        Timer0_Init();
 145   1        LCD_Init();
 146   1        DS1302_Init();
 147   1        LCD_ShowString(1, 1, "  -  -  ");
 148   1        LCD_ShowString(2, 1, "  :  :  [ ] ");
 149   1        DS1302_SetTime();  // 设置时钟，只进行一次
 150   1      
 151   1        while(1){
 152   2          KeyNum = key();
 153   2          if (KeyNum == 1) {
 154   3            if (Mode == 0) {Mode = 1;}
 155   3            else if (Mode == 1) {Mode = 0;DS1302_SetTime();LCD_ShowString(2, 12, "    ");} // 对展示的时间进
             -行刷新 并将原始的字符串进行更新
 156   3          }
 157   2          switch (Mode) {
 158   3            case 0: TimeShow(); break;
 159   3            case 1: TimeSet(); break;
 160   3          }
 161   2        }
 162   1      }
 163          
 164          
 165          void Timer0_Routine(void) interrupt 1
 166          {
 167   1          static unsigned int T0Count = 0;
 168   1      
 169   1          TH0 = (65536 - 1000) / 256;
 170   1          TL0 = (65536 - 1000) % 256;
 171   1      
 172   1          T0Count++;
 173   1      
 174   1          if (T0Count >= 500)
 175   1          {
 176   2              T0Count = 0;
 177   2              TimeSetFlashFlag = !TimeSetFlashFlag;
C51 COMPILER V9.57.0.0   MAIN                                                              05/16/2026 19:44:26 PAGE 4   

 178   2          }
 179   1      }


MODULE INFORMATION:   STATIC OVERLAYABLE
   CODE SIZE        =    864    ----
   CONSTANT SIZE    =     98    ----
   XDATA SIZE       =   ----    ----
   PDATA SIZE       =   ----    ----
   DATA SIZE        =      6    ----
   IDATA SIZE       =   ----    ----
   BIT SIZE         =   ----    ----
END OF MODULE INFORMATION.


C51 COMPILATION COMPLETE.  0 WARNING(S),  0 ERROR(S)
