C51 COMPILER V9.57.0.0   MAIN                                                              05/14/2026 22:41:14 PAGE 1   


C51 COMPILER V9.57.0.0, COMPILATION OF MODULE MAIN
OBJECT MODULE PLACED IN .\Objects\main.obj
COMPILER INVOKED BY: C:\Keil_v5\C51\BIN\C51.EXE main.c OPTIMIZE(8,SPEED) BROWSE DEBUG OBJECTEXTEND PRINT(.\Listings\main
                    -.lst) TABS(2) OBJECT(.\Objects\main.obj)

line level    source

   1          #include "LCD1602.h"
   2          #include "Timer0.h"
   3          #include <REGX52.H>
   4          #include "Delay.h"
   5          
   6          unsigned char Sec;
   7          unsigned char Min;
   8          unsigned char Hour;
   9          void main() {
  10   1        Timer0_Init();
*** WARNING C206 IN LINE 10 OF main.c: 'Timer0_Init': missing function-prototype
  11   1        LCD_Init();
  12   1        LCD_ShowString(1, 1, "Clock:");
  13   1      
  14   1        while(1) {
  15   2          LCD_ShowString(2, 8, ":");
  16   2          LCD_ShowString(2, 5, ":");
  17   2          LCD_ShowNum(2, 6, Min, 2);
  18   2          LCD_ShowNum(2, 9, Sec, 2);
  19   2          if (Hour < 10) {
  20   3            LCD_ShowString(2, 3, " ");
  21   3            LCD_ShowNum(2, 4, Hour, 1);
  22   3          }
  23   2          else {
  24   3            LCD_ShowNum(2, 3, Hour, 2);
  25   3          }
  26   2        }
  27   1      }
  28          
  29          void Timer0_Routine() interrupt 1{
  30   1        static unsigned int T0Count = 0; // дҝқиҜҒйҖҖеҮәеҮҪж•°зҡ„ж—¶еҖҷдёҚдёўеӨұж•°жҚ® еҰӮжһңжІЎжңүstatic йӮЈжҜҸж
             -¬Ўжү§иЎҢиҝҷдёӘж“ҚдҪңзҡ„ж—¶еҖҷдјҡеҜјиҮҙиҰҒйҮҚж–°еҜ№T0CountиөӢеҖј static дҝқиҜҒдәҶиҝҷдёӘеҸҳйҮҸеҸӘеҲқе§ӢеҢ–дёҖж¬ЎпјҢд»ҘеҗҺж
             -ҜҸж¬Ўиҝӣе…ҘеҲ°дёӯж–ӯеҮҪж•°пјҢд»–йғҪжҳҜдјҡдҝқз•ҷдёҠдёҖж¬Ўзҡ„еҖј
  31   1        TH0 = 64535 / 256; // йҮҚж–°иөӢеҲқе§ӢеҖј
  32   1        TL0 = 64535 % 256 + 1;
  33   1        T0Count++;
  34   1        if (T0Count >= 1) {
  35   2          Sec++;
  36   2          T0Count = 0;
  37   2          if (Sec >= 60) {
  38   3            Min++;
  39   3            Sec = 0;
  40   3            if (Min >= 60) {
  41   4              Hour++;
  42   4              Min = 0;
  43   4              if (Hour >= 24) {
  44   5                Hour = 0;
  45   5              }
  46   4            }
  47   3          }
  48   2        }
  49   1      }


C51 COMPILER V9.57.0.0   MAIN                                                              05/14/2026 22:41:14 PAGE 2   

MODULE INFORMATION:   STATIC OVERLAYABLE
   CODE SIZE        =    200    ----
   CONSTANT SIZE    =     11    ----
   XDATA SIZE       =   ----    ----
   PDATA SIZE       =   ----    ----
   DATA SIZE        =      5    ----
   IDATA SIZE       =   ----    ----
   BIT SIZE         =   ----    ----
END OF MODULE INFORMATION.


C51 COMPILATION COMPLETE.  1 WARNING(S),  0 ERROR(S)
