C51 COMPILER V9.57.0.0   MAIN                                                              05/14/2026 16:24:23 PAGE 1   


C51 COMPILER V9.57.0.0, COMPILATION OF MODULE MAIN
OBJECT MODULE PLACED IN .\Objects\main.obj
COMPILER INVOKED BY: C:\Keil_v5\C51\BIN\C51.EXE main.c OPTIMIZE(8,SPEED) BROWSE DEBUG OBJECTEXTEND PRINT(.\Listings\main
                    -.lst) TABS(2) OBJECT(.\Objects\main.obj)

line level    source

   1          #include "LCD1602.h"
   2          #include "delay.h"
   3          #include "matrix_key.h"
   4          /**
   5          *@brief 矩阵键盘显示按键的键码 并显示 hello world
   6            *@param 无
   7            *@retvel  
   8            */
   9          unsigned int PassWord;
  10          unsigned char KeyNum;
  11          unsigned char Count;
  12          void main() {  
  13   1        LCD_Init();
  14   1        LCD_ShowString(1, 1, "Password: ");
  15   1        while(1) {
  16   2          KeyNum = Matrix_Key();
  17   2          if(KeyNum) { // 通过使用if函数来防止最后的显示结果被覆盖
  18   3            if(KeyNum <= 10) { // 如果按键按下从S1~S10 输入密码
  19   4              if(Count < 4) { // 如果输入次数小于4
  20   5                PassWord *= 10;
  21   5                PassWord += KeyNum % 10; 
  22   5                Count++; // 记一次加上1
  23   5              }
  24   4              LCD_ShowNum(2, 1, PassWord, 4);
  25   4            }
  26   3            else if(KeyNum == 11) { // 如果S11按键按下 进行确认
  27   4              if(PassWord == 2345) {
  28   5                LCD_ShowString(1, 11, "OK   ");
  29   5                PassWord = 0;
  30   5                Count = 0;
  31   5                LCD_ShowNum(2, 1, PassWord, 4);
  32   5              }
  33   4              else {
  34   5                LCD_ShowString(1, 11, "Wrong");
  35   5                PassWord = 0; // 密码清零
  36   5                Count = 0; // 计数清零
  37   5                LCD_ShowNum(2, 1, PassWord, 4);
  38   5              }
  39   4            }
  40   3            else if(KeyNum == 12) {
  41   4              LCD_ShowString(1, 11, "Reset");
  42   4              PassWord = 0;
  43   4              Count = 0;
  44   4              LCD_ShowNum(2, 1, PassWord, 4);
  45   4            }
  46   3          }
  47   2        }
  48   1      } 


MODULE INFORMATION:   STATIC OVERLAYABLE
   CODE SIZE        =    194    ----
   CONSTANT SIZE    =     29    ----
   XDATA SIZE       =   ----    ----
C51 COMPILER V9.57.0.0   MAIN                                                              05/14/2026 16:24:23 PAGE 2   

   PDATA SIZE       =   ----    ----
   DATA SIZE        =      4    ----
   IDATA SIZE       =   ----    ----
   BIT SIZE         =   ----    ----
END OF MODULE INFORMATION.


C51 COMPILATION COMPLETE.  0 WARNING(S),  0 ERROR(S)
