C51 COMPILER V9.57.0.0   BUZZER                                                            05/16/2026 23:23:43 PAGE 1   


C51 COMPILER V9.57.0.0, COMPILATION OF MODULE BUZZER
OBJECT MODULE PLACED IN .\Objects\Buzzer.obj
COMPILER INVOKED BY: C:\Keil_v5\C51\BIN\C51.EXE Buzzer.c OPTIMIZE(8,SPEED) BROWSE DEBUG OBJECTEXTEND PRINT(.\Listings\Bu
                    -zzer.lst) TABS(2) OBJECT(.\Objects\Buzzer.obj)

line level    source

   1          #include <REGX52.H>
   2          #include "Delay.h"
   3          #include <INTRINS.h>
   4          
   5          sbit Buzzer = P2^5; // 获取第五位 P2 ^ 0就是获取第零位
   6          
   7          void Buzzer_Delay500us(void)  //@11.0592MHz
   8          {
   9   1        unsigned char data i;
  10   1        _nop_();
  11   1        i = 227;
  12   1        while (--i);
  13   1      }
  14          
  15          // 此时的时钟频率是1k Hz
  16          void Buzzer_Time(unsigned int ms) {
  17   1        unsigned int i;
  18   1        for (i = 0; i < ms * 2; i++) {
  19   2          Buzzer = !Buzzer;
  20   2          Buzzer_Delay500us();
  21   2        }
  22   1      }


MODULE INFORMATION:   STATIC OVERLAYABLE
   CODE SIZE        =     40    ----
   CONSTANT SIZE    =   ----    ----
   XDATA SIZE       =   ----    ----
   PDATA SIZE       =   ----    ----
   DATA SIZE        =   ----    ----
   IDATA SIZE       =   ----    ----
   BIT SIZE         =   ----    ----
END OF MODULE INFORMATION.


C51 COMPILATION COMPLETE.  0 WARNING(S),  0 ERROR(S)
