C51 COMPILER V9.57.0.0   MAIN                                                              05/16/2026 11:57:59 PAGE 1   


C51 COMPILER V9.57.0.0, COMPILATION OF MODULE MAIN
OBJECT MODULE PLACED IN .\Objects\main.obj
COMPILER INVOKED BY: C:\Keil_v5\C51\BIN\C51.EXE main.c OPTIMIZE(8,SPEED) BROWSE DEBUG OBJECTEXTEND PRINT(.\Listings\main
                    -.lst) TABS(2) OBJECT(.\Objects\main.obj)

line level    source

   1          #include <REGX52.H>
   2          #include "Delay.h"
   3          sbit RCK = P3 ^ 5; // RCLK
   4          sbit SCK = P3 ^ 6;
   5          sbit SER = P3 ^ 4;
   6          
   7          #define MATRIX_LED_PORT P0
   8          
   9          void _74HC595_WriteByte(unsigned char Byte) {
  10   1      //  SER = Byte&0x80; // 非零即1
  11   1      //  SCK = 1;
  12   1      //  SCK = 0;
  13   1      //  SER = Byte&0x40;
  14   1      //  SCK = 1;
  15   1      //  SCK = 0;
  16   1      //  SER = Byte&0x20;
  17   1      //  SCK = 1;
  18   1      //  SCK = 0;
  19   1      //  SER = Byte&0x10;
  20   1      //  SCK = 1;
  21   1      //  SCK = 0;
  22   1        
  23   1        unsigned char i;
  24   1        for (i = 0; i < 8; i++) {
  25   2          SER = Byte & (0x80 >> i);
  26   2          SCK = 1;
  27   2          SCK = 0;
  28   2        }
  29   1        RCK = 1;
  30   1        RCK = 0;
  31   1      }
  32          
  33          void MatrixLED_ShowColumn(unsigned char Column, unsigned char Data) {
  34   1        _74HC595_WriteByte(Data);
  35   1        P0 = ~(0x80>>Column);
  36   1      }
  37          
  38          
  39          void main() {
  40   1        SCK = 0;
  41   1        RCK = 0;
  42   1      
  43   1        while(1){
  44   2          MatrixLED_ShowColumn(0, 0x3C);
  45   2          Delay(1);
  46   2          MatrixLED_ShowColumn(1, 0x42);
  47   2          Delay(1);
  48   2          MatrixLED_ShowColumn(2, 0xA9);
  49   2          MatrixLED_ShowColumn(3, 0x85);
  50   2          MatrixLED_ShowColumn(4, 0x85);
  51   2          MatrixLED_ShowColumn(5, 0xA9);
  52   2          MatrixLED_ShowColumn(6, 0x62);
  53   2          MatrixLED_ShowColumn(7, 0x3C);
  54   2        }
C51 COMPILER V9.57.0.0   MAIN                                                              05/16/2026 11:57:59 PAGE 2   

  55   1      }


MODULE INFORMATION:   STATIC OVERLAYABLE
   CODE SIZE        =    147    ----
   CONSTANT SIZE    =   ----    ----
   XDATA SIZE       =   ----    ----
   PDATA SIZE       =   ----    ----
   DATA SIZE        =   ----    ----
   IDATA SIZE       =   ----    ----
   BIT SIZE         =   ----    ----
END OF MODULE INFORMATION.


C51 COMPILATION COMPLETE.  0 WARNING(S),  0 ERROR(S)
