C51 COMPILER V9.57.0.0   MAIN                                                              05/17/2026 16:26:12 PAGE 1   


C51 COMPILER V9.57.0.0, COMPILATION OF MODULE MAIN
OBJECT MODULE PLACED IN .\Objects\main.obj
COMPILER INVOKED BY: C:\Keil_v5\C51\BIN\C51.EXE main.c OPTIMIZE(8,SPEED) BROWSE DEBUG OBJECTEXTEND PRINT(.\Listings\main
                    -.lst) TABS(2) OBJECT(.\Objects\main.obj)

line level    source

   1          #include <REGX52.H>
   2          #include "delay.h"
   3          #include "key.h"
   4          #include "LCD1602.h"
   5          #include "I2C.h"
   6          #include "AT24C02.h"
   7          
   8          unsigned char Data;
   9          
  10          void main() {
  11   1        LCD_Init();
  12   1        LCD_ShowString(1, 1, "Number:");
  13   1      //  AT24C02_WriteByte(1, 122);
  14   1      //  Delay(10);
  15   1        Data = AT24C02_ReadByte(1);
  16   1        LCD_ShowNum(2, 1, Data, 3);
  17   1        while(1) {
  18   2          
  19   2        }
  20   1      }


MODULE INFORMATION:   STATIC OVERLAYABLE
   CODE SIZE        =     39    ----
   CONSTANT SIZE    =      8    ----
   XDATA SIZE       =   ----    ----
   PDATA SIZE       =   ----    ----
   DATA SIZE        =      1    ----
   IDATA SIZE       =   ----    ----
   BIT SIZE         =   ----    ----
END OF MODULE INFORMATION.


C51 COMPILATION COMPLETE.  0 WARNING(S),  0 ERROR(S)
