C51 COMPILER V9.57.0.0   MAIN                                                              05/18/2026 23:35:03 PAGE 1   


C51 COMPILER V9.57.0.0, COMPILATION OF MODULE MAIN
OBJECT MODULE PLACED IN .\Objects\main.obj
COMPILER INVOKED BY: C:\Keil_v5\C51\BIN\C51.EXE main.c OPTIMIZE(8,SPEED) BROWSE DEBUG OBJECTEXTEND PRINT(.\Listings\main
                    -.lst) TABS(2) OBJECT(.\Objects\main.obj)

line level    source

   1          #include <REGX52.H>
   2          
   3          sbit LED = P2 ^ 0;
   4          unsigned char i;
   5          void Delay(unsigned int t) {
   6   1        while(t--);
   7   1      }
   8          
   9          void main() {
  10   1        
  11   1        unsigned char Time;
  12   1        while(1) {
  13   2          for (Time = 0; Time < 100; Time++) {
  14   3            for (i = 0; i < 20; i++) {
  15   4              LED = 0;
  16   4              Delay(Time);
  17   4              LED = 1;
  18   4              Delay(100 - Time);
  19   4            }
  20   3          }
  21   2          for (Time = 100; Time > 0; Time--) {
  22   3            for (i = 0; i < 20; i++) {
  23   4              LED = 0;
  24   4              Delay(Time);
  25   4              LED = 1;
  26   4              Delay(100 - Time);
  27   4            }
  28   3          }
  29   2        }
  30   1      }


MODULE INFORMATION:   STATIC OVERLAYABLE
   CODE SIZE        =     80    ----
   CONSTANT SIZE    =   ----    ----
   XDATA SIZE       =   ----    ----
   PDATA SIZE       =   ----    ----
   DATA SIZE        =      1    ----
   IDATA SIZE       =   ----    ----
   BIT SIZE         =   ----    ----
END OF MODULE INFORMATION.


C51 COMPILATION COMPLETE.  0 WARNING(S),  0 ERROR(S)
